Qflow migration logfile created on Mon Mar 17 19:10:14 IST 2025
magic -dnull -noconsole  migrate_counter.tcl

Magic 8.3 revision 50 - Compiled on Tue Feb 11 22:24:09 IST 2025.
Starting magic under Tcl interpreter
Using the terminal as the console.
Using NULL graphics device.
Processing system .magicrc file
Input style lambda=0.20(p): scaleFactor=20, multiplier=1
Contact size value ignored (using GDS generation rules).
Contact size value ignored (using GDS generation rules).
Contact size value ignored (using GDS generation rules).
Contact size value ignored (using GDS generation rules).
Contact size value ignored (using GDS generation rules).
Contact size value ignored (using GDS generation rules).
4 Magic internal units = 1 Lambda
Loading "migrate_counter.tcl" from command line.
Root cell box:
           width x height  (   llx,  lly  ), (   urx,  ury  )

microns:    0.00 x 0.00    (  0.00,  0.00 ), (  0.00,  0.00 )
lambda:     0.00 x 0.00    (  0.00,  0.00 ), (  0.00,  0.00 )
internal:      0 x 0       (     0,  0    ), (     0,  0    )
Reading LEF data from file /usr/local/share/qflow/tech/osu035/osu035_stdcells.lef.
This action cannot be undone.
LEF read, Line 16 (Message): Unknown keyword "OBS" in LEF file; ignoring.
LEF read, Line 17 (Message): Unknown keyword "PIN" in LEF file; ignoring.
LEF read: Processed 3179 lines.
Reading DEF data from file counter.def.
This action cannot be undone.
  Processed 3 vias total.
  Processed 37 subcell instances total.
DEF read, Line 102 (Warning): Number of pins read (8) does not match the number declared (10).
  Processed 20 nets total.
  Processed 5 special nets total.
DEF read: Processed 340 lines.
DEF Read: encountered 1 warning total.
Generating LEF output counter.lef for cell counter:
Diagnostic:  Write LEF header for cell counter
Diagnostic:  Writing LEF output for cell counter
Diagnostic:  Scale value is 0.050000
Extracting NAND3X1 into NAND3X1.ext:
Completed 100%
Extracting NOR2X1 into NOR2X1.ext:
Completed 100%
Extracting AOI21X1 into AOI21X1.ext:
Completed 100%
Extracting INVX2 into INVX2.ext:
Completed 100%
Extracting XNOR2X1 into XNOR2X1.ext:
Completed 100%
Extracting INVX1 into INVX1.ext:
Completed 100%
Extracting XOR2X1 into XOR2X1.ext:
Completed 100%
Extracting BUFX2 into BUFX2.ext:
Completed 100%
Extracting FILL into FILL.ext:
Completed 100%
Extracting DFFSR into DFFSR.ext:
Completed 50%
Completed 75%
Completed 100%
Extracting counter into counter.ext:
Completed 10%
Completed 15%
Completed 25%
Completed 30%
Completed 40%
Completed 50%
Completed 60%
Completed 70%
Completed 80%
Completed 90%
Completed 100%
exttospice finished.
Migration script ended on Mon Mar 17 19:10:14 IST 2025
