
Qflow static timing analysis logfile appended on Mon Mar 17 20:25:26 IST 2025
Converting qrouter output to vesta delay format
Running rc2dly -r counter.rc -l /usr/local/share/qflow/tech/osu035/osu035_stdcells.lib -d counter.dly
Converting qrouter output to SPEF delay format
Running rc2dly -D : -r counter.rc -l /usr/local/share/qflow/tech/osu035/osu035_stdcells.lib -d counter.spef
Converting qrouter output to SDF delay format
Running rc2dly -r counter.rc -l /usr/local/share/qflow/tech/osu035/osu035_stdcells.lib -d counter.sdf
Running vesta static timing analysis with back-annotated extracted wire delays
vesta -c -d counter.dly --long counter.rtlnopwr.v /usr/local/share/qflow/tech/osu035/osu035_stdcells.lib
----------------------------------------------
Vesta static timing analysis tool
for qflow 1.3.17
(c) 2013-2018 Tim Edwards, Open Circuit Design
----------------------------------------------

Parsing library "osu035_stdcells"
End of library at line 6636
Parsing module "counter"
Lib read /usr/local/share/qflow/tech/osu035/osu035_stdcells.lib:  Processed 6637 lines.
Error:  Input pin "gnd" has an internal driver!
Error:  Input pin "vdd" has an internal driver!
Verilog netlist read:  Processed 50 lines.
Number of paths analyzed:  8

Top 8 maximum delay paths:
Path DFFSR_1/CLK to DFFSR_3/D delay 1242.05 ps
      0.3 ps     clk:             ->   DFFSR_1/CLK
    546.4 ps  _5__0_:   DFFSR_1/Q -> NAND3X1_1/A
    861.5 ps     _2_: NAND3X1_1/Y ->   INVX1_2/A
    987.4 ps     _3_:   INVX1_2/Y ->  NOR2X1_1/B
   1059.7 ps  _0__2_:  NOR2X1_1/Y ->   DFFSR_3/D

   clock skew at destination = 0
   setup at destination = 182.324

Path DFFSR_1/CLK to DFFSR_4/D delay 1209.15 ps
      0.3 ps     clk:             ->   DFFSR_1/CLK
    546.4 ps  _5__0_:   DFFSR_1/Q -> NAND3X1_1/A
    861.6 ps     _2_: NAND3X1_1/Y -> XNOR2X1_1/A
   1025.8 ps  _0__3_: XNOR2X1_1/Y ->   DFFSR_4/D

   clock skew at destination = 0
   setup at destination = 183.356

Path DFFSR_2/CLK to DFFSR_2/D delay 917.629 ps
      0.3 ps     clk:            ->  DFFSR_2/CLK
    537.5 ps  _5__1_:  DFFSR_2/Q -> XOR2X1_1/B
    731.3 ps  _0__1_: XOR2X1_1/Y ->  DFFSR_2/D

   clock skew at destination = 0
   setup at destination = 186.33

Path DFFSR_1/CLK to DFFSR_1/D delay 850.02 ps
      0.3 ps     clk:           -> DFFSR_1/CLK
    546.0 ps  _5__0_: DFFSR_1/Q -> INVX1_1/A
    662.4 ps  _0__0_: INVX1_1/Y -> DFFSR_1/D

   clock skew at destination = 0
   setup at destination = 187.598

Path DFFSR_1/CLK to output pin count[0] delay 733.033 ps
      0.3 ps       clk:           -> DFFSR_1/CLK
    546.5 ps    _5__0_: DFFSR_1/Q -> BUFX2_1/A
    733.0 ps  count[0]: BUFX2_1/Y -> count[0]

Path DFFSR_2/CLK to output pin count[1] delay 721.258 ps
      0.3 ps       clk:           -> DFFSR_2/CLK
    537.4 ps    _5__1_: DFFSR_2/Q -> BUFX2_2/A
    721.3 ps  count[1]: BUFX2_2/Y -> count[1]

Path DFFSR_4/CLK to output pin count[3] delay 605.113 ps
      0.4 ps       clk:           -> DFFSR_4/CLK
    450.5 ps    _5__3_: DFFSR_4/Q -> BUFX2_4/A
    605.1 ps  count[3]: BUFX2_4/Y -> count[3]

Path DFFSR_3/CLK to output pin count[2] delay 588.914 ps
      0.4 ps       clk:           -> DFFSR_3/CLK
    438.5 ps    _5__2_: DFFSR_3/Q -> BUFX2_3/A
    588.9 ps  count[2]: BUFX2_3/Y -> count[2]

Computed maximum clock frequency (zero margin) = 805.123 MHz
-----------------------------------------

Number of paths analyzed:  8

Top 8 minimum delay paths:
Path DFFSR_3/CLK to output pin count[2] delay 546.99 ps
      0.4 ps       clk:           -> DFFSR_3/CLK
    427.8 ps    _5__2_: DFFSR_3/Q -> BUFX2_3/A
    547.0 ps  count[2]: BUFX2_3/Y -> count[2]

Path DFFSR_4/CLK to output pin count[3] delay 563.014 ps
      0.4 ps       clk:           -> DFFSR_4/CLK
    441.2 ps    _5__3_: DFFSR_4/Q -> BUFX2_4/A
    563.0 ps  count[3]: BUFX2_4/Y -> count[3]

Path DFFSR_4/CLK to DFFSR_4/D delay 590.614 ps
      0.4 ps     clk:             ->   DFFSR_4/CLK
    441.3 ps  _5__3_:   DFFSR_4/Q -> XNOR2X1_1/B
    599.5 ps  _0__3_: XNOR2X1_1/Y ->   DFFSR_4/D

   clock skew at destination = 0
   hold at destination = -8.9093

Path DFFSR_3/CLK to DFFSR_3/D delay 601.665 ps
      0.4 ps     clk:             ->   DFFSR_3/CLK
    427.7 ps  _5__2_:   DFFSR_3/Q -> AOI21X1_1/C
    528.4 ps     _4_: AOI21X1_1/Y ->  NOR2X1_1/A
    606.5 ps  _0__2_:  NOR2X1_1/Y ->   DFFSR_3/D

   clock skew at destination = 0
   hold at destination = -4.78571

Path DFFSR_1/CLK to DFFSR_1/D delay 625.238 ps
      0.3 ps     clk:           -> DFFSR_1/CLK
    542.0 ps  _5__0_: DFFSR_1/Q -> INVX1_1/A
    647.8 ps  _0__0_: INVX1_1/Y -> DFFSR_1/D

   clock skew at destination = 0
   hold at destination = -22.5125

Path DFFSR_2/CLK to output pin count[1] delay 674.519 ps
      0.3 ps       clk:           -> DFFSR_2/CLK
    535.3 ps    _5__1_: DFFSR_2/Q -> BUFX2_2/A
    674.5 ps  count[1]: BUFX2_2/Y -> count[1]

Path DFFSR_1/CLK to output pin count[0] delay 683.12 ps
      0.3 ps       clk:           -> DFFSR_1/CLK
    542.5 ps    _5__0_: DFFSR_1/Q -> BUFX2_1/A
    683.1 ps  count[0]: BUFX2_1/Y -> count[0]

Path DFFSR_1/CLK to DFFSR_2/D delay 683.278 ps
      0.3 ps     clk:            ->  DFFSR_1/CLK
    542.2 ps  _5__0_:  DFFSR_1/Q -> XOR2X1_1/A
    685.3 ps  _0__1_: XOR2X1_1/Y ->  DFFSR_2/D

   clock skew at destination = 0
   hold at destination = -1.97612

Design meets minimum hold timing.
-----------------------------------------

Number of paths analyzed:  12

Top 12 maximum delay paths:
Path input pin vdd to DFFSR_1/S delay 520.883 ps
      0.0 ps  vdd: BUFX2_6/Y -> vdd
      0.0 ps  vdd: BUFX2_6/Y -> BUFX2_6/A
    232.1 ps  vdd: BUFX2_6/Y -> DFFSR_1/S

   setup at destination = 288.754

Path input pin vdd to DFFSR_2/S delay 520.883 ps
      0.0 ps  vdd: BUFX2_6/Y -> vdd
      0.0 ps  vdd: BUFX2_6/Y -> BUFX2_6/A
    232.1 ps  vdd: BUFX2_6/Y -> DFFSR_2/S

   setup at destination = 288.754

Path input pin vdd to DFFSR_3/S delay 520.883 ps
      0.0 ps  vdd: BUFX2_6/Y -> vdd
      0.0 ps  vdd: BUFX2_6/Y -> BUFX2_6/A
    232.1 ps  vdd: BUFX2_6/Y -> DFFSR_3/S

   setup at destination = 288.754

Path input pin vdd to DFFSR_4/S delay 520.883 ps
      0.0 ps  vdd: BUFX2_6/Y -> vdd
      0.0 ps  vdd: BUFX2_6/Y -> BUFX2_6/A
    232.1 ps  vdd: BUFX2_6/Y -> DFFSR_4/S

   setup at destination = 288.754

Path input pin clk to DFFSR_4/CLK delay 337.74 ps
      0.4 ps  clk:   -> DFFSR_4/CLK

   setup at destination = 337.338

Path input pin clk to DFFSR_3/CLK delay 337.716 ps
      0.4 ps  clk:   -> DFFSR_3/CLK

   setup at destination = 337.338

Path input pin clk to DFFSR_2/CLK delay 337.656 ps
      0.3 ps  clk:   -> DFFSR_2/CLK

   setup at destination = 337.338

Path input pin clk to DFFSR_1/CLK delay 337.622 ps
      0.3 ps  clk:   -> DFFSR_1/CLK

   setup at destination = 337.338

Path input pin rst to DFFSR_4/R delay 278.6 ps
      0.1 ps  rst:           -> INVX2_1/A
    151.0 ps  _1_: INVX2_1/Y -> DFFSR_4/R

   setup at destination = 127.555

Path input pin rst to DFFSR_1/R delay 278.479 ps
      0.1 ps  rst:           -> INVX2_1/A
    150.9 ps  _1_: INVX2_1/Y -> DFFSR_1/R

   setup at destination = 127.555

Path input pin rst to DFFSR_2/R delay 278.345 ps
      0.1 ps  rst:           -> INVX2_1/A
    150.8 ps  _1_: INVX2_1/Y -> DFFSR_2/R

   setup at destination = 127.555

Path input pin rst to DFFSR_3/R delay 278.036 ps
      0.1 ps  rst:           -> INVX2_1/A
    150.5 ps  _1_: INVX2_1/Y -> DFFSR_3/R

   setup at destination = 127.555

-----------------------------------------

Number of paths analyzed:  12

Top 12 minimum delay paths:
Path input pin vdd to DFFSR_4/S delay 20.175 ps
      0.0 ps  vdd: BUFX2_6/Y -> vdd
      0.0 ps  vdd: BUFX2_6/Y -> DFFSR_4/S

   hold at destination = 20.175

Path input pin vdd to DFFSR_3/S delay 20.175 ps
      0.0 ps  vdd: BUFX2_6/Y -> vdd
      0.0 ps  vdd: BUFX2_6/Y -> DFFSR_3/S

   hold at destination = 20.175

Path input pin vdd to DFFSR_2/S delay 20.175 ps
      0.0 ps  vdd: BUFX2_6/Y -> vdd
      0.0 ps  vdd: BUFX2_6/Y -> DFFSR_2/S

   hold at destination = 20.175

Path input pin vdd to DFFSR_1/S delay 20.175 ps
      0.0 ps  vdd: BUFX2_6/Y -> vdd
      0.0 ps  vdd: BUFX2_6/Y -> DFFSR_1/S

   hold at destination = 20.175

Path input pin clk to DFFSR_1/CLK delay 21.8837 ps
      0.3 ps  clk:   -> DFFSR_1/CLK

   hold at destination = 21.6

Path input pin clk to DFFSR_2/CLK delay 21.9183 ps
      0.3 ps  clk:   -> DFFSR_2/CLK

   hold at destination = 21.6

Path input pin clk to DFFSR_3/CLK delay 21.9783 ps
      0.4 ps  clk:   -> DFFSR_3/CLK

   hold at destination = 21.6

Path input pin clk to DFFSR_4/CLK delay 22.0017 ps
      0.4 ps  clk:   -> DFFSR_4/CLK

   hold at destination = 21.6

Path input pin rst to DFFSR_3/R delay 169.34 ps
      0.1 ps  rst:           -> INVX2_1/A
    150.5 ps  _1_: INVX2_1/Y -> DFFSR_3/R

   hold at destination = 18.859

Path input pin rst to DFFSR_2/R delay 169.649 ps
      0.1 ps  rst:           -> INVX2_1/A
    150.8 ps  _1_: INVX2_1/Y -> DFFSR_2/R

   hold at destination = 18.859

Path input pin rst to DFFSR_1/R delay 169.783 ps
      0.1 ps  rst:           -> INVX2_1/A
    150.9 ps  _1_: INVX2_1/Y -> DFFSR_1/R

   hold at destination = 18.859

Path input pin rst to DFFSR_4/R delay 169.904 ps
      0.1 ps  rst:           -> INVX2_1/A
    151.0 ps  _1_: INVX2_1/Y -> DFFSR_4/R

   hold at destination = 18.859

-----------------------------------------

