Qflow route logfile created on Wed Apr 2 16:07:49 IST 2025
qrouter -noc  -s counter.cfg
Qrouter detail maze router version 1.4.59.T
Reading LEF data from file /usr/local/share/qflow/tech/osu035/osu035_stdcells.lef.
LEF Read, Line 135: NOTE:  Old format VIARULE ignored.
LEF Read, Line 136: NOTE:  Old format VIARULE ignored.
LEF Read, Line 140: NOTE:  Old format VIARULE ignored.
LEF Read, Line 141: NOTE:  Old format VIARULE ignored.
LEF Read, Line 151: NOTE:  Old format VIARULE ignored.
LEF Read, Line 152: NOTE:  Old format VIARULE ignored.
LEF Read, Line 156: NOTE:  Old format VIARULE ignored.
LEF Read, Line 157: NOTE:  Old format VIARULE ignored.
LEF Read, Line 167: NOTE:  Old format VIARULE ignored.
LEF Read, Line 168: NOTE:  Old format VIARULE ignored.
LEF Read, Line 172: NOTE:  Old format VIARULE ignored.
LEF Read, Line 173: NOTE:  Old format VIARULE ignored.
LEF file:  Defines site corner (ignored)
LEF file:  Defines site IO (ignored)
LEF file:  Defines site core (ignored)
LEF read: Processed 3179 lines.
LEF Read: encountered 0 errors and 12 warnings total.
Vertical route layer at non-minimum pitch 3.2.  Using smaller pitch 1.6, will route on 1-of-2 tracks for layer metal4.
Reading DEF data from file counter.def.
Diagnostic: Design name: "counter"
  Processed 3 vias total.
  Processed 40 subcell instances total.
DEF Read, Line 104: Warning:  Number of pins read (8) does not match the number declared (10).
  Processed 20 nets total (0 fixed).
  Processed 2 special nets total (2 fixed).
DEF read: Processed 218 lines.
DEF Read: encountered 0 errors and 1 warning total.
Output scale = microns / 100, precision 1
No antenna cell defined!
There are 20 nets in this design.
*** Running stage1 routing with defaults
Finished routing net vdd
Nets remaining: 19
Finished routing net _5_[0]
Nets remaining: 18
Finished routing net _1_
Nets remaining: 17
Finished routing net _5_[1]
Nets remaining: 16
Finished routing net clk
Nets remaining: 15
Finished routing net _5_[2]
Nets remaining: 14
Finished routing net _2_
Nets remaining: 13
Finished routing net _5_[3]
Nets remaining: 12
Finished routing net gnd
Nets remaining: 11
Finished routing net _4_
Nets remaining: 10
Finished routing net _3_
Nets remaining: 9
Finished routing net _0_[2]
Nets remaining: 8
Finished routing net _0_[3]
Nets remaining: 7
Finished routing net _0_[0]
Nets remaining: 6
Finished routing net rst
Nets remaining: 5
Finished routing net count[0]
Nets remaining: 4
Finished routing net count[1]
Nets remaining: 3
Finished routing net count[2]
Nets remaining: 2
Finished routing net count[3]
Nets remaining: 1
Finished routing net _0_[1]
Nets remaining: 0

----------------------------------------------
Progress: Stage 1 total routes completed: 44
Failed net routes: 1
----------------------------------------------
*** Running stage2 routing with options mask 10, effort 10
Nets remaining: 1

----------------------------------------------
Progress: Stage 2 total routes completed: 45
No failed routes!
----------------------------------------------
*** Running stage3 routing with defaults, 1st round
Finished routing net vdd
Nets remaining: 19
Finished routing net _5_[0]
Nets remaining: 18
Finished routing net _1_
Nets remaining: 17
Finished routing net _5_[1]
Nets remaining: 16
Finished routing net clk
Nets remaining: 15
Finished routing net _5_[2]
Nets remaining: 14
Finished routing net _2_
Nets remaining: 13
Finished routing net _5_[3]
Nets remaining: 12
Finished routing net gnd
Nets remaining: 11
Keeping route for net _4_
Keeping route for net _3_
Finished routing net _0_[2]
Nets remaining: 8
Finished routing net _0_[3]
Nets remaining: 7
Finished routing net _0_[0]
Nets remaining: 6
Finished routing net rst
Nets remaining: 5
Keeping route for net count[0]
Keeping route for net count[1]
Finished routing net count[2]
Nets remaining: 2
Keeping route for net count[3]
Finished routing net _0_[1]
Nets remaining: 0

----------------------------------------------
Progress: Stage 3 total routes completed: 84
Failed net routes: 1
----------------------------------------------
*** Running stage2 routing with options mask none
Nets remaining: 1

----------------------------------------------
Progress: Stage 2 total routes completed: 85
No failed routes!
----------------------------------------------
*** Running stage3 routing with defaults, 2nd round
Finished routing net vdd
Nets remaining: 19
Finished routing net _5_[0]
Nets remaining: 18
Finished routing net _1_
Nets remaining: 17
Finished routing net _5_[1]
Nets remaining: 16
Finished routing net clk
Nets remaining: 15
Finished routing net _5_[2]
Nets remaining: 14
Finished routing net _2_
Nets remaining: 13
Finished routing net _5_[3]
Nets remaining: 12
Finished routing net gnd
Nets remaining: 11
Keeping route for net _4_
Keeping route for net _3_
Finished routing net _0_[2]
Nets remaining: 8
Finished routing net _0_[3]
Nets remaining: 7
Finished routing net _0_[0]
Nets remaining: 6
Finished routing net rst
Nets remaining: 5
Keeping route for net count[0]
Keeping route for net count[1]
Finished routing net count[2]
Nets remaining: 2
Keeping route for net count[3]
Finished routing net _0_[1]
Nets remaining: 0

----------------------------------------------
Progress: Stage 3 total routes completed: 124
Failed net routes: 1
----------------------------------------------
*** Running stage2 routing with options mask none
Nets remaining: 1

----------------------------------------------
Progress: Stage 2 total routes completed: 125
No failed routes!
----------------------------------------------
*** Writing DEF file counter_route.def
emit_routes():  DEF file has 20 nets and 2 specialnets.
but qrouter wants to write 20 nets and specialnets.
----------------------------------------------
Final: No failed routes!
----------------------------------------------
*** Writing RC file counter_route.rc
Running annotate.tcl antenna.out /home/tombert/qflow_projects/counter/synthesis/counter.rtlnopwr.v
  /home/tombert/qflow_projects/counter/synthesis/counter.spc /home/tombert/qflow_projects/counter/synthesis/counter.rtlnopwr.anno.v
  /home/tombert/qflow_projects/counter/synthesis/counter.anno.spc  /usr/local/share/qflow/tech/osu035/osu035_stdcells.sp /home/tombert/qflow_projects/counter/synthesis/counter_powerground
Running annotate.tcl
found cell FILL pinlist vdd gnd
Done with annotate.tcl
Router script ended on Wed Apr 2 16:07:50 IST 2025
