
Cell CLKBUF1 disconnected node: A
Cell CLKBUF1 disconnected node: gnd
Cell CLKBUF1 disconnected node: Y
Cell CLKBUF1 disconnected node: vdd

Subcircuit pins:
Circuit 1: CLKBUF1                         |Circuit 2: CLKBUF1                         
-------------------------------------------|-------------------------------------------
A                                          |A                                          
gnd                                        |gnd                                        
Y                                          |Y                                          
vdd                                        |vdd                                        
---------------------------------------------------------------------------------------
Cell pin lists are equivalent.
Device classes CLKBUF1 and CLKBUF1 are equivalent.

Cell BUFX4 disconnected node: A
Cell BUFX4 disconnected node: gnd
Cell BUFX4 disconnected node: Y
Cell BUFX4 disconnected node: vdd

Subcircuit pins:
Circuit 1: BUFX4                           |Circuit 2: BUFX4                           
-------------------------------------------|-------------------------------------------
A                                          |A                                          
gnd                                        |gnd                                        
Y                                          |Y                                          
vdd                                        |vdd                                        
---------------------------------------------------------------------------------------
Cell pin lists are equivalent.
Device classes BUFX4 and BUFX4 are equivalent.

Cell NOR3X1 disconnected node: A
Cell NOR3X1 disconnected node: B
Cell NOR3X1 disconnected node: C
Cell NOR3X1 disconnected node: gnd
Cell NOR3X1 disconnected node: Y
Cell NOR3X1 disconnected node: vdd

Subcircuit pins:
Circuit 1: NOR3X1                          |Circuit 2: NOR3X1                          
-------------------------------------------|-------------------------------------------
A                                          |A                                          
B                                          |B                                          
C                                          |C                                          
gnd                                        |gnd                                        
Y                                          |Y                                          
vdd                                        |vdd                                        
---------------------------------------------------------------------------------------
Cell pin lists are equivalent.
Device classes NOR3X1 and NOR3X1 are equivalent.

Cell NAND3X1 disconnected node: A
Cell NAND3X1 disconnected node: B
Cell NAND3X1 disconnected node: C
Cell NAND3X1 disconnected node: gnd
Cell NAND3X1 disconnected node: Y
Cell NAND3X1 disconnected node: vdd

Subcircuit pins:
Circuit 1: NAND3X1                         |Circuit 2: NAND3X1                         
-------------------------------------------|-------------------------------------------
A                                          |A                                          
B                                          |B                                          
C                                          |C                                          
gnd                                        |gnd                                        
Y                                          |Y                                          
vdd                                        |vdd                                        
---------------------------------------------------------------------------------------
Cell pin lists are equivalent.
Device classes NAND3X1 and NAND3X1 are equivalent.

Cell NAND2X1 disconnected node: A
Cell NAND2X1 disconnected node: B
Cell NAND2X1 disconnected node: gnd
Cell NAND2X1 disconnected node: Y
Cell NAND2X1 disconnected node: vdd

Subcircuit pins:
Circuit 1: NAND2X1                         |Circuit 2: NAND2X1                         
-------------------------------------------|-------------------------------------------
A                                          |A                                          
B                                          |B                                          
gnd                                        |gnd                                        
Y                                          |Y                                          
vdd                                        |vdd                                        
---------------------------------------------------------------------------------------
Cell pin lists are equivalent.
Device classes NAND2X1 and NAND2X1 are equivalent.

Cell XNOR2X1 disconnected node: A
Cell XNOR2X1 disconnected node: B
Cell XNOR2X1 disconnected node: gnd
Cell XNOR2X1 disconnected node: Y
Cell XNOR2X1 disconnected node: vdd

Subcircuit pins:
Circuit 1: XNOR2X1                         |Circuit 2: XNOR2X1                         
-------------------------------------------|-------------------------------------------
A                                          |A                                          
B                                          |B                                          
gnd                                        |gnd                                        
Y                                          |Y                                          
vdd                                        |vdd                                        
---------------------------------------------------------------------------------------
Cell pin lists are equivalent.
Device classes XNOR2X1 and XNOR2X1 are equivalent.

Cell OAI21X1 disconnected node: A
Cell OAI21X1 disconnected node: B
Cell OAI21X1 disconnected node: C
Cell OAI21X1 disconnected node: gnd
Cell OAI21X1 disconnected node: Y
Cell OAI21X1 disconnected node: vdd

Subcircuit pins:
Circuit 1: OAI21X1                         |Circuit 2: OAI21X1                         
-------------------------------------------|-------------------------------------------
A                                          |A                                          
B                                          |B                                          
C                                          |C                                          
gnd                                        |gnd                                        
Y                                          |Y                                          
vdd                                        |vdd                                        
---------------------------------------------------------------------------------------
Cell pin lists are equivalent.
Device classes OAI21X1 and OAI21X1 are equivalent.

Cell INVX1 disconnected node: A
Cell INVX1 disconnected node: gnd
Cell INVX1 disconnected node: Y
Cell INVX1 disconnected node: vdd

Subcircuit pins:
Circuit 1: INVX1                           |Circuit 2: INVX1                           
-------------------------------------------|-------------------------------------------
A                                          |A                                          
gnd                                        |gnd                                        
Y                                          |Y                                          
vdd                                        |vdd                                        
---------------------------------------------------------------------------------------
Cell pin lists are equivalent.
Device classes INVX1 and INVX1 are equivalent.

Cell AND2X2 disconnected node: A
Cell AND2X2 disconnected node: B
Cell AND2X2 disconnected node: gnd
Cell AND2X2 disconnected node: Y
Cell AND2X2 disconnected node: vdd

Subcircuit pins:
Circuit 1: AND2X2                          |Circuit 2: AND2X2                          
-------------------------------------------|-------------------------------------------
A                                          |A                                          
B                                          |B                                          
gnd                                        |gnd                                        
Y                                          |Y                                          
vdd                                        |vdd                                        
---------------------------------------------------------------------------------------
Cell pin lists are equivalent.
Device classes AND2X2 and AND2X2 are equivalent.

Cell NOR2X1 disconnected node: A
Cell NOR2X1 disconnected node: B
Cell NOR2X1 disconnected node: gnd
Cell NOR2X1 disconnected node: Y
Cell NOR2X1 disconnected node: vdd

Subcircuit pins:
Circuit 1: NOR2X1                          |Circuit 2: NOR2X1                          
-------------------------------------------|-------------------------------------------
A                                          |A                                          
B                                          |B                                          
gnd                                        |gnd                                        
Y                                          |Y                                          
vdd                                        |vdd                                        
---------------------------------------------------------------------------------------
Cell pin lists are equivalent.
Device classes NOR2X1 and NOR2X1 are equivalent.

Cell XOR2X1 disconnected node: A
Cell XOR2X1 disconnected node: B
Cell XOR2X1 disconnected node: gnd
Cell XOR2X1 disconnected node: Y
Cell XOR2X1 disconnected node: vdd

Subcircuit pins:
Circuit 1: XOR2X1                          |Circuit 2: XOR2X1                          
-------------------------------------------|-------------------------------------------
A                                          |A                                          
B                                          |B                                          
gnd                                        |gnd                                        
Y                                          |Y                                          
vdd                                        |vdd                                        
---------------------------------------------------------------------------------------
Cell pin lists are equivalent.
Device classes XOR2X1 and XOR2X1 are equivalent.

Cell AOI21X1 disconnected node: A
Cell AOI21X1 disconnected node: B
Cell AOI21X1 disconnected node: C
Cell AOI21X1 disconnected node: gnd
Cell AOI21X1 disconnected node: Y
Cell AOI21X1 disconnected node: vdd

Subcircuit pins:
Circuit 1: AOI21X1                         |Circuit 2: AOI21X1                         
-------------------------------------------|-------------------------------------------
A                                          |A                                          
B                                          |B                                          
C                                          |C                                          
gnd                                        |gnd                                        
Y                                          |Y                                          
vdd                                        |vdd                                        
---------------------------------------------------------------------------------------
Cell pin lists are equivalent.
Device classes AOI21X1 and AOI21X1 are equivalent.

Cell INVX8 disconnected node: A
Cell INVX8 disconnected node: gnd
Cell INVX8 disconnected node: Y
Cell INVX8 disconnected node: vdd

Subcircuit pins:
Circuit 1: INVX8                           |Circuit 2: INVX8                           
-------------------------------------------|-------------------------------------------
A                                          |A                                          
gnd                                        |gnd                                        
Y                                          |Y                                          
vdd                                        |vdd                                        
---------------------------------------------------------------------------------------
Cell pin lists are equivalent.
Device classes INVX8 and INVX8 are equivalent.

Cell BUFX2 disconnected node: A
Cell BUFX2 disconnected node: gnd
Cell BUFX2 disconnected node: Y
Cell BUFX2 disconnected node: vdd

Subcircuit pins:
Circuit 1: BUFX2                           |Circuit 2: BUFX2                           
-------------------------------------------|-------------------------------------------
A                                          |A                                          
gnd                                        |gnd                                        
Y                                          |Y                                          
vdd                                        |vdd                                        
---------------------------------------------------------------------------------------
Cell pin lists are equivalent.
Device classes BUFX2 and BUFX2 are equivalent.

Cell DFFSR disconnected node: Q
Cell DFFSR disconnected node: CLK
Cell DFFSR disconnected node: R
Cell DFFSR disconnected node: S
Cell DFFSR disconnected node: D
Cell DFFSR disconnected node: gnd
Cell DFFSR disconnected node: vdd

Subcircuit pins:
Circuit 1: DFFSR                           |Circuit 2: DFFSR                           
-------------------------------------------|-------------------------------------------
Q                                          |Q                                          
CLK                                        |CLK                                        
R                                          |R                                          
S                                          |S                                          
D                                          |D                                          
gnd                                        |gnd                                        
vdd                                        |vdd                                        
---------------------------------------------------------------------------------------
Cell pin lists are equivalent.
Device classes DFFSR and DFFSR are equivalent.

Cell cordic disconnected node: theta[0]
Cell cordic disconnected node: theta[1]
Cell cordic disconnected node: theta[2]
Cell cordic disconnected node: theta[3]
Cell cordic disconnected node: theta[4]
Cell cordic disconnected node: theta[5]
Cell cordic disconnected node: theta[6]
Cell cordic disconnected node: theta[7]
Cell cordic disconnected node: theta[8]
Cell cordic disconnected node: theta[9]
Cell cordic disconnected node: theta[10]
Cell cordic disconnected node: theta[11]
Cell cordic disconnected node: theta[12]
Cell cordic disconnected node: theta[13]
Cell cordic disconnected node: theta[14]
Cell cordic disconnected node: theta[15]

Cell cordic disconnected node: theta[0]
Cell cordic disconnected node: theta[1]
Cell cordic disconnected node: theta[2]
Cell cordic disconnected node: theta[3]
Cell cordic disconnected node: theta[4]
Cell cordic disconnected node: theta[5]
Cell cordic disconnected node: theta[6]
Cell cordic disconnected node: theta[7]
Cell cordic disconnected node: theta[8]
Cell cordic disconnected node: theta[9]
Cell cordic disconnected node: theta[10]
Cell cordic disconnected node: theta[11]
Cell cordic disconnected node: theta[12]
Cell cordic disconnected node: theta[13]
Cell cordic disconnected node: theta[14]
Cell cordic disconnected node: theta[15]

Subcircuit summary:
Circuit 1: cordic                          |Circuit 2: cordic                          
-------------------------------------------|-------------------------------------------
AND2X2 (6)                                 |AND2X2 (6)                                 
NAND2X1 (17)                               |NAND2X1 (17)                               
DFFSR (32)                                 |DFFSR (32)                                 
XNOR2X1 (14)                               |XNOR2X1 (14)                               
INVX1 (22)                                 |INVX1 (22)                                 
INVX8 (1)                                  |INVX8 (1)                                  
NOR3X1 (7)                                 |NOR3X1 (7)                                 
CLKBUF1 (5)                                |CLKBUF1 (5)                                
NAND3X1 (9)                                |NAND3X1 (9)                                
XOR2X1 (6)                                 |XOR2X1 (6)                                 
BUFX4 (5)                                  |BUFX4 (5)                                  
OAI21X1 (8)                                |OAI21X1 (8)                                
BUFX2 (32)                                 |BUFX2 (32)                                 
AOI21X1 (1)                                |AOI21X1 (1)                                
NOR2X1 (12)                                |NOR2X1 (12)                                
Number of devices: 177                     |Number of devices: 177                     
Number of nets: 181                        |Number of nets: 181                        
---------------------------------------------------------------------------------------
Circuits match uniquely.
Netlists match uniquely.

Subcircuit pins:
Circuit 1: cordic                          |Circuit 2: cordic                          
-------------------------------------------|-------------------------------------------
rst                                        |rst                                        
sine[12]                                   |sine[12]                                   
sine[10]                                   |sine[10]                                   
cosine[14]                                 |cosine[14]                                 
cosine[13]                                 |cosine[13]                                 
cosine[5]                                  |cosine[5]                                  
cosine[11]                                 |cosine[11]                                 
sine[6]                                    |sine[6]                                    
cosine[3]                                  |cosine[3]                                  
sine[4]                                    |sine[4]                                    
cosine[7]                                  |cosine[7]                                  
cosine[9]                                  |cosine[9]                                  
cosine[1]                                  |cosine[1]                                  
sine[2]                                    |sine[2]                                    
sine[1]                                    |sine[1]                                    
sine[0]                                    |sine[0]                                    
sine[11]                                   |sine[11]                                   
sine[9]                                    |sine[9]                                    
sine[8]                                    |sine[8]                                    
sine[7]                                    |sine[7]                                    
sine[5]                                    |sine[5]                                    
sine[3]                                    |sine[3]                                    
sine[14]                                   |sine[14]                                   
sine[13]                                   |sine[13]                                   
cosine[15]                                 |cosine[15]                                 
cosine[8]                                  |cosine[8]                                  
cosine[12]                                 |cosine[12]                                 
cosine[6]                                  |cosine[6]                                  
cosine[10]                                 |cosine[10]                                 
sine[15]                                   |sine[15]                                   
cosine[2]                                  |cosine[2]                                  
cosine[4]                                  |cosine[4]                                  
cosine[0]                                  |cosine[0]                                  
vdd                                        |vdd                                        
gnd                                        |gnd                                        
clk                                        |clk                                        
theta[0]                                   |theta[0]                                   
theta[1]                                   |theta[1]                                   
theta[2]                                   |theta[2]                                   
theta[3]                                   |theta[3]                                   
theta[4]                                   |theta[4]                                   
theta[5]                                   |theta[5]                                   
theta[6]                                   |theta[6]                                   
theta[7]                                   |theta[7]                                   
theta[8]                                   |theta[8]                                   
theta[9]                                   |theta[9]                                   
theta[10]                                  |theta[10]                                  
theta[11]                                  |theta[11]                                  
theta[12]                                  |theta[12]                                  
theta[13]                                  |theta[13]                                  
theta[14]                                  |theta[14]                                  
theta[15]                                  |theta[15]                                  
---------------------------------------------------------------------------------------
Cell pin lists are equivalent.
Device classes cordic and cordic are equivalent.
Circuits match uniquely.
