
Cell BUFX4 disconnected node: A
Cell BUFX4 disconnected node: gnd
Cell BUFX4 disconnected node: Y
Cell BUFX4 disconnected node: vdd

Subcircuit pins:
Circuit 1: BUFX4                           |Circuit 2: BUFX4                           
-------------------------------------------|-------------------------------------------
A                                          |A                                          
gnd                                        |gnd                                        
Y                                          |Y                                          
vdd                                        |vdd                                        
---------------------------------------------------------------------------------------
Cell pin lists are equivalent.
Device classes BUFX4 and BUFX4 are equivalent.

Cell BUFX2 disconnected node: A
Cell BUFX2 disconnected node: gnd
Cell BUFX2 disconnected node: Y
Cell BUFX2 disconnected node: vdd

Subcircuit pins:
Circuit 1: BUFX2                           |Circuit 2: BUFX2                           
-------------------------------------------|-------------------------------------------
A                                          |A                                          
gnd                                        |gnd                                        
Y                                          |Y                                          
vdd                                        |vdd                                        
---------------------------------------------------------------------------------------
Cell pin lists are equivalent.
Device classes BUFX2 and BUFX2 are equivalent.

Cell CLKBUF1 disconnected node: A
Cell CLKBUF1 disconnected node: gnd
Cell CLKBUF1 disconnected node: Y
Cell CLKBUF1 disconnected node: vdd

Subcircuit pins:
Circuit 1: CLKBUF1                         |Circuit 2: CLKBUF1                         
-------------------------------------------|-------------------------------------------
A                                          |A                                          
gnd                                        |gnd                                        
Y                                          |Y                                          
vdd                                        |vdd                                        
---------------------------------------------------------------------------------------
Cell pin lists are equivalent.
Device classes CLKBUF1 and CLKBUF1 are equivalent.

Cell OR2X2 disconnected node: A
Cell OR2X2 disconnected node: B
Cell OR2X2 disconnected node: gnd
Cell OR2X2 disconnected node: Y
Cell OR2X2 disconnected node: vdd

Subcircuit pins:
Circuit 1: OR2X2                           |Circuit 2: OR2X2                           
-------------------------------------------|-------------------------------------------
A                                          |A                                          
B                                          |B                                          
gnd                                        |gnd                                        
Y                                          |Y                                          
vdd                                        |vdd                                        
---------------------------------------------------------------------------------------
Cell pin lists are equivalent.
Device classes OR2X2 and OR2X2 are equivalent.

Cell NOR2X1 disconnected node: A
Cell NOR2X1 disconnected node: B
Cell NOR2X1 disconnected node: gnd
Cell NOR2X1 disconnected node: Y
Cell NOR2X1 disconnected node: vdd

Subcircuit pins:
Circuit 1: NOR2X1                          |Circuit 2: NOR2X1                          
-------------------------------------------|-------------------------------------------
A                                          |A                                          
B                                          |B                                          
gnd                                        |gnd                                        
Y                                          |Y                                          
vdd                                        |vdd                                        
---------------------------------------------------------------------------------------
Cell pin lists are equivalent.
Device classes NOR2X1 and NOR2X1 are equivalent.

Cell INVX1 disconnected node: A
Cell INVX1 disconnected node: gnd
Cell INVX1 disconnected node: Y
Cell INVX1 disconnected node: vdd

Subcircuit pins:
Circuit 1: INVX1                           |Circuit 2: INVX1                           
-------------------------------------------|-------------------------------------------
A                                          |A                                          
gnd                                        |gnd                                        
Y                                          |Y                                          
vdd                                        |vdd                                        
---------------------------------------------------------------------------------------
Cell pin lists are equivalent.
Device classes INVX1 and INVX1 are equivalent.

Cell OAI21X1 disconnected node: A
Cell OAI21X1 disconnected node: B
Cell OAI21X1 disconnected node: C
Cell OAI21X1 disconnected node: gnd
Cell OAI21X1 disconnected node: Y
Cell OAI21X1 disconnected node: vdd

Subcircuit pins:
Circuit 1: OAI21X1                         |Circuit 2: OAI21X1                         
-------------------------------------------|-------------------------------------------
A                                          |A                                          
B                                          |B                                          
C                                          |C                                          
gnd                                        |gnd                                        
Y                                          |Y                                          
vdd                                        |vdd                                        
---------------------------------------------------------------------------------------
Cell pin lists are equivalent.
Device classes OAI21X1 and OAI21X1 are equivalent.

Cell NAND2X1 disconnected node: A
Cell NAND2X1 disconnected node: B
Cell NAND2X1 disconnected node: gnd
Cell NAND2X1 disconnected node: Y
Cell NAND2X1 disconnected node: vdd

Subcircuit pins:
Circuit 1: NAND2X1                         |Circuit 2: NAND2X1                         
-------------------------------------------|-------------------------------------------
A                                          |A                                          
B                                          |B                                          
gnd                                        |gnd                                        
Y                                          |Y                                          
vdd                                        |vdd                                        
---------------------------------------------------------------------------------------
Cell pin lists are equivalent.
Device classes NAND2X1 and NAND2X1 are equivalent.

Cell MUX2X1 disconnected node: A
Cell MUX2X1 disconnected node: B
Cell MUX2X1 disconnected node: S
Cell MUX2X1 disconnected node: gnd
Cell MUX2X1 disconnected node: Y
Cell MUX2X1 disconnected node: vdd

Subcircuit pins:
Circuit 1: MUX2X1                          |Circuit 2: MUX2X1                          
-------------------------------------------|-------------------------------------------
A                                          |A                                          
B                                          |B                                          
S                                          |S                                          
gnd                                        |gnd                                        
Y                                          |Y                                          
vdd                                        |vdd                                        
---------------------------------------------------------------------------------------
Cell pin lists are equivalent.
Device classes MUX2X1 and MUX2X1 are equivalent.

Cell XOR2X1 disconnected node: A
Cell XOR2X1 disconnected node: B
Cell XOR2X1 disconnected node: gnd
Cell XOR2X1 disconnected node: Y
Cell XOR2X1 disconnected node: vdd

Subcircuit pins:
Circuit 1: XOR2X1                          |Circuit 2: XOR2X1                          
-------------------------------------------|-------------------------------------------
A                                          |A                                          
B                                          |B                                          
gnd                                        |gnd                                        
Y                                          |Y                                          
vdd                                        |vdd                                        
---------------------------------------------------------------------------------------
Cell pin lists are equivalent.
Device classes XOR2X1 and XOR2X1 are equivalent.

Cell NAND3X1 disconnected node: A
Cell NAND3X1 disconnected node: B
Cell NAND3X1 disconnected node: C
Cell NAND3X1 disconnected node: gnd
Cell NAND3X1 disconnected node: Y
Cell NAND3X1 disconnected node: vdd

Subcircuit pins:
Circuit 1: NAND3X1                         |Circuit 2: NAND3X1                         
-------------------------------------------|-------------------------------------------
A                                          |A                                          
B                                          |B                                          
C                                          |C                                          
gnd                                        |gnd                                        
Y                                          |Y                                          
vdd                                        |vdd                                        
---------------------------------------------------------------------------------------
Cell pin lists are equivalent.
Device classes NAND3X1 and NAND3X1 are equivalent.

Cell AOI21X1 disconnected node: A
Cell AOI21X1 disconnected node: B
Cell AOI21X1 disconnected node: C
Cell AOI21X1 disconnected node: gnd
Cell AOI21X1 disconnected node: Y
Cell AOI21X1 disconnected node: vdd

Subcircuit pins:
Circuit 1: AOI21X1                         |Circuit 2: AOI21X1                         
-------------------------------------------|-------------------------------------------
A                                          |A                                          
B                                          |B                                          
C                                          |C                                          
gnd                                        |gnd                                        
Y                                          |Y                                          
vdd                                        |vdd                                        
---------------------------------------------------------------------------------------
Cell pin lists are equivalent.
Device classes AOI21X1 and AOI21X1 are equivalent.

Cell AND2X2 disconnected node: A
Cell AND2X2 disconnected node: B
Cell AND2X2 disconnected node: gnd
Cell AND2X2 disconnected node: Y
Cell AND2X2 disconnected node: vdd

Subcircuit pins:
Circuit 1: AND2X2                          |Circuit 2: AND2X2                          
-------------------------------------------|-------------------------------------------
A                                          |A                                          
B                                          |B                                          
gnd                                        |gnd                                        
Y                                          |Y                                          
vdd                                        |vdd                                        
---------------------------------------------------------------------------------------
Cell pin lists are equivalent.
Device classes AND2X2 and AND2X2 are equivalent.

Cell INVX2 disconnected node: A
Cell INVX2 disconnected node: gnd
Cell INVX2 disconnected node: Y
Cell INVX2 disconnected node: vdd

Subcircuit pins:
Circuit 1: INVX2                           |Circuit 2: INVX2                           
-------------------------------------------|-------------------------------------------
A                                          |A                                          
gnd                                        |gnd                                        
Y                                          |Y                                          
vdd                                        |vdd                                        
---------------------------------------------------------------------------------------
Cell pin lists are equivalent.
Device classes INVX2 and INVX2 are equivalent.

Cell XNOR2X1 disconnected node: A
Cell XNOR2X1 disconnected node: B
Cell XNOR2X1 disconnected node: gnd
Cell XNOR2X1 disconnected node: Y
Cell XNOR2X1 disconnected node: vdd

Subcircuit pins:
Circuit 1: XNOR2X1                         |Circuit 2: XNOR2X1                         
-------------------------------------------|-------------------------------------------
A                                          |A                                          
B                                          |B                                          
gnd                                        |gnd                                        
Y                                          |Y                                          
vdd                                        |vdd                                        
---------------------------------------------------------------------------------------
Cell pin lists are equivalent.
Device classes XNOR2X1 and XNOR2X1 are equivalent.

Cell INVX8 disconnected node: A
Cell INVX8 disconnected node: gnd
Cell INVX8 disconnected node: Y
Cell INVX8 disconnected node: vdd

Subcircuit pins:
Circuit 1: INVX8                           |Circuit 2: INVX8                           
-------------------------------------------|-------------------------------------------
A                                          |A                                          
gnd                                        |gnd                                        
Y                                          |Y                                          
vdd                                        |vdd                                        
---------------------------------------------------------------------------------------
Cell pin lists are equivalent.
Device classes INVX8 and INVX8 are equivalent.

Cell DFFPOSX1 disconnected node: Q
Cell DFFPOSX1 disconnected node: CLK
Cell DFFPOSX1 disconnected node: D
Cell DFFPOSX1 disconnected node: gnd
Cell DFFPOSX1 disconnected node: vdd

Subcircuit pins:
Circuit 1: DFFPOSX1                        |Circuit 2: DFFPOSX1                        
-------------------------------------------|-------------------------------------------
Q                                          |Q                                          
CLK                                        |CLK                                        
D                                          |D                                          
gnd                                        |gnd                                        
vdd                                        |vdd                                        
---------------------------------------------------------------------------------------
Cell pin lists are equivalent.
Device classes DFFPOSX1 and DFFPOSX1 are equivalent.

Cell DFFSR disconnected node: Q
Cell DFFSR disconnected node: CLK
Cell DFFSR disconnected node: R
Cell DFFSR disconnected node: S
Cell DFFSR disconnected node: D
Cell DFFSR disconnected node: gnd
Cell DFFSR disconnected node: vdd

Subcircuit pins:
Circuit 1: DFFSR                           |Circuit 2: DFFSR                           
-------------------------------------------|-------------------------------------------
Q                                          |Q                                          
CLK                                        |CLK                                        
R                                          |R                                          
S                                          |S                                          
D                                          |D                                          
gnd                                        |gnd                                        
vdd                                        |vdd                                        
---------------------------------------------------------------------------------------
Cell pin lists are equivalent.
Device classes DFFSR and DFFSR are equivalent.

Cell OAI22X1 disconnected node: A
Cell OAI22X1 disconnected node: B
Cell OAI22X1 disconnected node: C
Cell OAI22X1 disconnected node: D
Cell OAI22X1 disconnected node: gnd
Cell OAI22X1 disconnected node: Y
Cell OAI22X1 disconnected node: vdd

Subcircuit pins:
Circuit 1: OAI22X1                         |Circuit 2: OAI22X1                         
-------------------------------------------|-------------------------------------------
A                                          |A                                          
B                                          |B                                          
C                                          |C                                          
D                                          |D                                          
gnd                                        |gnd                                        
Y                                          |Y                                          
vdd                                        |vdd                                        
---------------------------------------------------------------------------------------
Cell pin lists are equivalent.
Device classes OAI22X1 and OAI22X1 are equivalent.

Cell INVX4 disconnected node: A
Cell INVX4 disconnected node: gnd
Cell INVX4 disconnected node: Y
Cell INVX4 disconnected node: vdd

Subcircuit pins:
Circuit 1: INVX4                           |Circuit 2: INVX4                           
-------------------------------------------|-------------------------------------------
A                                          |A                                          
gnd                                        |gnd                                        
Y                                          |Y                                          
vdd                                        |vdd                                        
---------------------------------------------------------------------------------------
Cell pin lists are equivalent.
Device classes INVX4 and INVX4 are equivalent.

Cell AOI22X1 disconnected node: A
Cell AOI22X1 disconnected node: B
Cell AOI22X1 disconnected node: C
Cell AOI22X1 disconnected node: D
Cell AOI22X1 disconnected node: gnd
Cell AOI22X1 disconnected node: Y
Cell AOI22X1 disconnected node: vdd

Subcircuit pins:
Circuit 1: AOI22X1                         |Circuit 2: AOI22X1                         
-------------------------------------------|-------------------------------------------
A                                          |A                                          
B                                          |B                                          
C                                          |C                                          
D                                          |D                                          
gnd                                        |gnd                                        
Y                                          |Y                                          
vdd                                        |vdd                                        
---------------------------------------------------------------------------------------
Cell pin lists are equivalent.
Device classes AOI22X1 and AOI22X1 are equivalent.

Subcircuit summary:
Circuit 1: noc_top                         |Circuit 2: noc_top                         
-------------------------------------------|-------------------------------------------
OAI21X1 (463)                              |OAI21X1 (463)                              
AND2X2 (5)                                 |AND2X2 (5)                                 
MUX2X1 (124)                               |MUX2X1 (124)                               
DFFSR (178)                                |DFFSR (178)                                
NAND2X1 (183)                              |NAND2X1 (183)                              
OAI22X1 (9)                                |OAI22X1 (9)                                
INVX2 (13)                                 |INVX2 (13)                                 
BUFX4 (99)                                 |BUFX4 (99)                                 
OR2X2 (14)                                 |OR2X2 (14)                                 
XNOR2X1 (13)                               |XNOR2X1 (13)                               
INVX1 (185)                                |INVX1 (185)                                
AOI22X1 (18)                               |AOI22X1 (18)                               
INVX8 (9)                                  |INVX8 (9)                                  
CLKBUF1 (42)                               |CLKBUF1 (42)                               
DFFPOSX1 (96)                              |DFFPOSX1 (96)                              
NAND3X1 (71)                               |NAND3X1 (71)                               
XOR2X1 (8)                                 |XOR2X1 (8)                                 
INVX4 (5)                                  |INVX4 (5)                                  
BUFX2 (26)                                 |BUFX2 (26)                                 
AOI21X1 (17)                               |AOI21X1 (17)                               
NOR2X1 (61)                                |NOR2X1 (61)                                
Number of devices: 1639                    |Number of devices: 1639                    
Number of nets: 1667                       |Number of nets: 1667                       
---------------------------------------------------------------------------------------
Circuits match uniquely.
Netlists match uniquely.

Subcircuit pins:
Circuit 1: noc_top                         |Circuit 2: noc_top                         
-------------------------------------------|-------------------------------------------
ext_data_out[1]                            |ext_data_out[1]                            
ext_data_out[0]                            |ext_data_out[0]                            
ext_data_out[4]                            |ext_data_out[4]                            
ext_data_out[6]                            |ext_data_out[6]                            
ext_data_out[10]                           |ext_data_out[10]                           
ext_data_out[13]                           |ext_data_out[13]                           
ext_data_out[12]                           |ext_data_out[12]                           
ext_data_out[15]                           |ext_data_out[15]                           
ext_data_out[2]                            |ext_data_out[2]                            
ext_data_out[3]                            |ext_data_out[3]                            
ext_data_out[5]                            |ext_data_out[5]                            
ext_data_out[7]                            |ext_data_out[7]                            
ext_data_out[9]                            |ext_data_out[9]                            
ext_data_out[11]                           |ext_data_out[11]                           
ext_data_out[8]                            |ext_data_out[8]                            
ext_data_out[14]                           |ext_data_out[14]                           
dest[2]                                    |dest[2]                                    
ext_data_in[7]                             |ext_data_in[7]                             
dest[3]                                    |dest[3]                                    
ext_data_in[3]                             |ext_data_in[3]                             
ext_data_in[5]                             |ext_data_in[5]                             
ext_data_in[6]                             |ext_data_in[6]                             
ext_data_in[8]                             |ext_data_in[8]                             
ext_data_in[1]                             |ext_data_in[1]                             
dest[1]                                    |dest[1]                                    
ext_data_in[4]                             |ext_data_in[4]                             
ext_data_in[12]                            |ext_data_in[12]                            
ext_data_in[15]                            |ext_data_in[15]                            
ext_data_in[11]                            |ext_data_in[11]                            
ext_data_in[0]                             |ext_data_in[0]                             
ext_data_in[2]                             |ext_data_in[2]                             
dest[0]                                    |dest[0]                                    
ext_data_in[13]                            |ext_data_in[13]                            
dest[6]                                    |dest[6]                                    
ext_data_in[10]                            |ext_data_in[10]                            
dest[5]                                    |dest[5]                                    
ext_data_in[9]                             |ext_data_in[9]                             
dest[4]                                    |dest[4]                                    
ext_data_in[14]                            |ext_data_in[14]                            
dest[7]                                    |dest[7]                                    
pe_busy[2]                                 |pe_busy[2]                                 
pe_busy[3]                                 |pe_busy[3]                                 
pe_busy[0]                                 |pe_busy[0]                                 
pe_busy[1]                                 |pe_busy[1]                                 
clk                                        |clk                                        
rst                                        |rst                                        
vdd                                        |vdd                                        
gnd                                        |gnd                                        
---------------------------------------------------------------------------------------
Cell pin lists are equivalent.
Device classes noc_top and noc_top are equivalent.
Circuits match uniquely.
