Qflow DRC logfile created on Tue Mar 25 21:25:18 IST 2025
magic -dnull -noconsole  /home/tombert/qflow_projects/4fft/layout/run_drc_fft_top.tcl

Magic 8.3 revision 50 - Compiled on Tue Feb 11 22:24:09 IST 2025.
Starting magic under Tcl interpreter
Using the terminal as the console.
Using NULL graphics device.
Processing system .magicrc file
Input style lambda=0.20(p): scaleFactor=20, multiplier=1
Contact size value ignored (using GDS generation rules).
Contact size value ignored (using GDS generation rules).
Contact size value ignored (using GDS generation rules).
Contact size value ignored (using GDS generation rules).
Contact size value ignored (using GDS generation rules).
Contact size value ignored (using GDS generation rules).
4 Magic internal units = 1 Lambda
Loading "/home/tombert/qflow_projects/4fft/layout/run_drc_fft_top.tcl" from command line.
Reading LEF data from file /usr/local/share/qflow/tech/osu035/osu035_stdcells.lef.
This action cannot be undone.
LEF read, Line 16 (Message): Unknown keyword "OBS" in LEF file; ignoring.
LEF read, Line 17 (Message): Unknown keyword "PIN" in LEF file; ignoring.
LEF read: Processed 3179 lines.
Scaled magic input cell fft_top geometry by factor of 2
fft_top: 10000 rects
fft_top: 20000 rects
fft_top: 30000 rects
Processing timestamp mismatches: FILL, BUFX2, NAND3X1, DFFPOSX1, NAND2X1, OAI21X1, AOI22X1, INVX1, OR2X2, NOR3X1, NOR2X1, AND2X2, XNOR2X1, AOI21X1, XOR2X1, INVX2, CLKBUF1, BUFX4, OAI22X1, INVX8, DFFSR.
drc = 0
DRC checking script ended on Tue Mar 25 21:25:20 IST 2025
