Qflow migration logfile created on Tue Apr 1 14:35:06 IST 2025
magic -dnull -noconsole  migrate_noc_top.tcl

Magic 8.3 revision 50 - Compiled on Tue Feb 11 22:24:09 IST 2025.
Starting magic under Tcl interpreter
Using the terminal as the console.
Using NULL graphics device.
Processing system .magicrc file
Input style lambda=0.20(p): scaleFactor=20, multiplier=1
Contact size value ignored (using GDS generation rules).
Contact size value ignored (using GDS generation rules).
Contact size value ignored (using GDS generation rules).
Contact size value ignored (using GDS generation rules).
Contact size value ignored (using GDS generation rules).
Contact size value ignored (using GDS generation rules).
4 Magic internal units = 1 Lambda
Loading "migrate_noc_top.tcl" from command line.
Root cell box:
           width x height  (   llx,  lly  ), (   urx,  ury  )

microns:    0.00 x 0.00    (  0.00,  0.00 ), (  0.00,  0.00 )
lambda:     0.00 x 0.00    (  0.00,  0.00 ), (  0.00,  0.00 )
internal:      0 x 0       (     0,  0    ), (     0,  0    )
Reading LEF data from file /usr/local/share/qflow/tech/osu035/osu035_stdcells.lef.
This action cannot be undone.
LEF read, Line 16 (Message): Unknown keyword "OBS" in LEF file; ignoring.
LEF read, Line 17 (Message): Unknown keyword "PIN" in LEF file; ignoring.
LEF read: Processed 3179 lines.
Reading DEF data from file noc_top.def.
This action cannot be undone.
  Processed 3 vias total.
  Processed 1949 subcell instances total.
  Processed 48 pins total.
  Processed 1667 nets total.
  Processed 330 special nets total.
DEF read: Processed 23733 lines.
Generating LEF output noc_top.lef for cell noc_top:
Diagnostic:  Write LEF header for cell noc_top
Diagnostic:  Writing LEF output for cell noc_top
Diagnostic:  Scale value is 0.050000
Extracting OAI22X1 into OAI22X1.ext:
Completed 100%
Extracting INVX4 into INVX4.ext:
Completed 100%
Extracting AOI22X1 into AOI22X1.ext:
Completed 100%
Extracting INVX8 into INVX8.ext:
Completed 100%
Extracting INVX2 into INVX2.ext:
Completed 100%
Extracting AND2X2 into AND2X2.ext:
Completed 100%
Extracting AOI21X1 into AOI21X1.ext:
Completed 100%
Extracting CLKBUF1 into CLKBUF1.ext:
Completed 100%
Extracting NAND3X1 into NAND3X1.ext:
Completed 100%
Extracting XOR2X1 into XOR2X1.ext:
Completed 100%
Extracting MUX2X1 into MUX2X1.ext:
Completed 100%
Extracting NOR2X1 into NOR2X1.ext:
Completed 100%
Extracting OR2X2 into OR2X2.ext:
Completed 100%
Extracting XNOR2X1 into XNOR2X1.ext:
Completed 100%
Extracting NAND2X1 into NAND2X1.ext:
Completed 100%
Extracting FILL into FILL.ext:
Completed 100%
Extracting BUFX4 into BUFX4.ext:
Completed 100%
Extracting DFFPOSX1 into DFFPOSX1.ext:
Completed 100%
Extracting INVX1 into INVX1.ext:
Completed 100%
Extracting BUFX2 into BUFX2.ext:
Completed 100%
Extracting OAI21X1 into OAI21X1.ext:
Completed 100%
Extracting DFFSR into DFFSR.ext:
Completed 50%
Completed 75%
Completed 100%
Extracting noc_top into noc_top.ext:
Completed 5%
Completed 10%
Completed 15%
Completed 20%
Completed 25%
Completed 30%
Completed 35%
Completed 40%
Completed 45%
Completed 50%
Completed 55%
Completed 60%
Completed 65%
Completed 70%
Completed 75%
Completed 80%
Completed 85%
Completed 90%
Completed 95%
Completed 100%
exttospice finished.
Migration script ended on Tue Apr 1 14:35:13 IST 2025
