Qflow migration logfile created on Mon Feb 24 13:02:45 IST 2025
magic -dnull -noconsole  migrate_cordic.tcl

Magic 8.3 revision 50 - Compiled on Tue Feb 11 22:24:09 IST 2025.
Starting magic under Tcl interpreter
Using the terminal as the console.
Using NULL graphics device.
Processing system .magicrc file
Input style lambda=0.20(p): scaleFactor=20, multiplier=1
Contact size value ignored (using GDS generation rules).
Contact size value ignored (using GDS generation rules).
Contact size value ignored (using GDS generation rules).
Contact size value ignored (using GDS generation rules).
Contact size value ignored (using GDS generation rules).
Contact size value ignored (using GDS generation rules).
4 Magic internal units = 1 Lambda
Loading "migrate_cordic.tcl" from command line.
Root cell box:
           width x height  (   llx,  lly  ), (   urx,  ury  )

microns:    0.00 x 0.00    (  0.00,  0.00 ), (  0.00,  0.00 )
lambda:     0.00 x 0.00    (  0.00,  0.00 ), (  0.00,  0.00 )
internal:      0 x 0       (     0,  0    ), (     0,  0    )
Reading LEF data from file /usr/local/share/qflow/tech/osu035/osu035_stdcells.lef.
This action cannot be undone.
LEF read, Line 16 (Message): Unknown keyword "OBS" in LEF file; ignoring.
LEF read, Line 17 (Message): Unknown keyword "PIN" in LEF file; ignoring.
LEF read: Processed 3179 lines.
Reading DEF data from file cordic.def.
This action cannot be undone.
  Processed 3 vias total.
  Processed 254 subcell instances total.
  Processed 52 pins total.
  Processed 196 nets total.
DEF read, Line 2653 (Warning): Number of nets read (31) does not match the number declared (32).
DEF read: Processed 2654 lines.
DEF Read: encountered 1 warning total.
Generating LEF output cordic.lef for cell cordic:
Diagnostic:  Write LEF header for cell cordic
Diagnostic:  Writing LEF output for cell cordic
Diagnostic:  Scale value is 0.050000
Extracting INVX8 into INVX8.ext:
Completed 100%
Extracting BUFX4 into BUFX4.ext:
Completed 100%
Extracting CLKBUF1 into CLKBUF1.ext:
Completed 100%
Extracting AOI21X1 into AOI21X1.ext:
Completed 100%
Extracting AND2X2 into AND2X2.ext:
Completed 100%
Extracting XOR2X1 into XOR2X1.ext:
Completed 100%
Extracting NOR2X1 into NOR2X1.ext:
Completed 100%
Extracting FILL into FILL.ext:
Completed 100%
Extracting NAND2X1 into NAND2X1.ext:
Completed 100%
Extracting NOR3X1 into NOR3X1.ext:
Completed 100%
Extracting OAI21X1 into OAI21X1.ext:
Completed 100%
Extracting XNOR2X1 into XNOR2X1.ext:
Completed 100%
Extracting NAND3X1 into NAND3X1.ext:
Completed 100%
Extracting INVX1 into INVX1.ext:
Completed 100%
Extracting DFFSR into DFFSR.ext:
Completed 50%
Completed 75%
Completed 100%
Extracting BUFX2 into BUFX2.ext:
Completed 100%
Extracting cordic into cordic.ext:
Completed 5%
Completed 11%
Completed 16%
Completed 21%
Completed 27%
Completed 32%
Completed 37%
Completed 42%
Completed 48%
Completed 53%
Completed 58%
Completed 64%
Completed 69%
Completed 74%
Completed 80%
Completed 85%
Completed 90%
Completed 95%
Completed 100%
exttospice finished.
Migration script ended on Mon Feb 24 13:02:46 IST 2025
