Qflow placement logfile created on Thu Apr 10 02:04:09 IST 2025
Running blif2cel to generate input files for graywolf
blif2cel.tcl --blif /home/tombert/qflow_projects/sin_cos/synthesis/sincos.blif  --lef  /usr/local/share/qflow/tech/osu035/osu035_stdcells.lef --cel /home/tombert/qflow_projects/sin_cos/layout/sincos.cel 
Opened BLIF file (/home/tombert/qflow_projects/sin_cos/synthesis/sincos.blif) for reading ...
Opened CEL file (/home/tombert/qflow_projects/sin_cos/layout/sincos.cel) for writing...
Loaded /usr/local/share/qflow/tech/osu035/osu035_stdcells.lef file for reading...
1st pass of blif file /home/tombert/qflow_projects/sin_cos/synthesis/sincos.blif. . .
Reading macros and/or technology data from LEF file. . .
LEF file specifies route layer Y pitch as 2
LEF file specifies route layer X pitch as 1.6
Parsing macro AND2X2
Parsing macro AOI21X1
Parsing macro AOI22X1
Parsing macro BUFX2
Parsing macro BUFX4
Parsing macro DFFPOSX1
Parsing macro INVX1
Parsing macro INVX2
Parsing macro INVX4
Parsing macro INVX8
Parsing macro NAND2X1
Parsing macro NAND3X1
Parsing macro NOR2X1
Parsing macro OAI21X1
Parsing macro OAI22X1
Parsing macro OR2X2
Parsing macro XOR2X1
Parsing macro MUX2X1
Parsing macro XNOR2X1
Parsing macro DFFSR
Parsing macro CLKBUF1
2nd pass of blif file. . .
3rd pass of blif file. . .
Done!
No sincos.cel1 file found for project. . . no partial blockages to apply to layout.
No sincos.cel2 file found for project. . . continuing without pin placement hints
Running GrayWolf placement
graywolf  sincos

twflow version:2.1 date:Mon May 25 21:15:08 EDT 1992
Authors: Bill Swartz, Carl Sechen
         Yale University

syntax version:v1.1 date:Mon May 25 21:11:10 EDT 1992
TimberWolf System Syntax Checker
Authors: Carl Sechen, Kai-Win Lee, Bill Swartz,
         Dahe Chen, and Jimmy Lam
         Yale University

Read   50 objects so far...
Read  100 objects so far...
Read  150 objects so far...
Read  200 objects so far...
Read  250 objects so far...
Read  300 objects so far...
Read  350 objects so far...
Read  400 objects so far...
Read  450 objects so far...
Read  500 objects so far...
Read  550 objects so far...
Read  600 objects so far...
Read  650 objects so far...
Read  700 objects so far...
Read  750 objects so far...
Read  800 objects so far...
Read  850 objects so far...
Read  900 objects so far...
Read  950 objects so far...
Read 1000 objects so far...
Read 1050 objects so far...
Read 1100 objects so far...
Read 1150 objects so far...
Read 1200 objects so far...
Read 1250 objects so far...
Read 1300 objects so far...
Read 1350 objects so far...
Read 1400 objects so far...
Read 1450 objects so far...
Read 1500 objects so far...
No syntax errors were found

syntax terminated normally with no errors and 0 warning[s]


----------------------------
Total stdcells     :1522
Total cell width   :1.19e+06
Total cell height  :3.04e+06
Total cell area    :2.39e+09
Total core area    :2.39e+09
Average cell height:2.00e+03


nocut - replacement for Mincut version:v1.0 date:Mon May 25 21:09:40 EDT 1992
TimberWolf System Floorplan Setup Program
Authors: Carl Sechen, Bill Swartz,
         Yale University

Read   50 objects so far...
Read  100 objects so far...
Read  150 objects so far...
Read  200 objects so far...
Read  250 objects so far...
Read  300 objects so far...
Read  350 objects so far...
Read  400 objects so far...
Read  450 objects so far...
Read  500 objects so far...
Read  550 objects so far...
Read  600 objects so far...
Read  650 objects so far...
Read  700 objects so far...
Read  750 objects so far...
Read  800 objects so far...
Read  850 objects so far...
Read  900 objects so far...
Read  950 objects so far...
Read 1000 objects so far...
Read 1050 objects so far...
Read 1100 objects so far...
Read 1150 objects so far...
Read 1200 objects so far...
Read 1250 objects so far...
Read 1300 objects so far...
Read 1350 objects so far...
Read 1400 objects so far...
Read 1450 objects so far...
Read 1500 objects so far...
Splitting sincos.cel into sincos.scel and sincos.mcel...
	done!


nocut - replacement for Mincut terminated normally with no errors and 0 warning[s]


TimberWolfMC version:v2.2 date:Mon May 25 21:18:34 EDT 1992
Authors: Carl Sechen, Bill Swartz, Kai-Win Lee
         Dahe Chen, and Jimmy Lam
         Yale University

config version:v1.0 date:Mon May 25 20:57:18 EDT 1992
Row configuration program
    Yale University


config switches:
	Graphics mode on
	config will inherit window



config terminated normally with no errors and 0 warning[s]


TimberWolfMC terminated normally with no errors and 0 warning[s]



TimberWolfSC switches:
	Graphics mode on
	TimberWolfSC will inherit window

TimberWolfSC version:v6.0 date:Mon May 25 21:19:07 EDT 1992
Row-Based Placement and Global Routing Program
Authors: Carl Sechen, Kai-Win Lee, and Bill Swartz,
         Yale University
  0 
  1   2   3   4   5   6   7   8   9  10  11  12  13  14  15 
 16  17  18  19  20  21  22  23  24  25  26  27  28  29  30 
 31  32  33  34  35  36  37  38  39  40  41  42  43  44  45 
 46  47  48  49  50  51  52  53  54  55  56  57  58  59  60 
 61  62  63  64  65  66  67  68  69  70  71  72  73  74  75 
 76  77  78  79  80  81  82  83  84  85  86  87  88  89  90 
 91  92  93  94  95  96  97  98  99 100 101 102 103 104 105 
106 107 108 109 110 111 112 113 114 115 116 117 118 119 120 
121 122 123 124 125 126 127 128 129 130 131 132 133 134 135 
136 137 138 139 140 141 142 143 144 145 146 147 148 149 150 
151 152 153 154 155 156 157 158 
 block left edge is at -399
 the longest block length is 57760
 building the steiner trees
 rebuilding the steiner tree

----start doing coarse global routing ------ 
 ITERATION  1

  longest Row is:11   Its length is:57120
 doing feed-through pins assignment
 building the net-tree now !
 set up the global routing grids
 the starting value of tracks =  198
 tracks = 188 at attempts =  1000
 tracks = 186 at attempts =  2000
 tracks = 180 at attempts =  3000
 tracks = 178 at attempts =  4000
 tracks = 175 at attempts =  5000
 tracks = 175 at attempts =  6000
 tracks = 175 at attempts =  7000
 tracks = 175 at attempts =  8000
 tracks = 175 at attempts =  9000
 tracks = 175 at attempts = 10000
 tracks = 175 at attempts = 11000
 tracks = 175 at attempts = 12000
 tracks = 175 at attempts = 13000
 tracks = 175 at attempts = 14000
 tracks = 175 at attempts = 15000
 tracks = 175 at attempts = 16000
 tracks = 175 at attempts = 17000
 tracks = 175 at attempts = 18000
 tracks = 175 at attempts = 19000
 tracks = 175 at attempts = 20000
 tracks = 175 at attempts = 21000
 tracks = 175 at attempts = 22000
 tracks = 175 at attempts = 23000
 tracks = 175 at attempts = 24000
 tracks = 175 at attempts = 25000
 tracks = 175 at attempts = 26000
 tracks = 175 at attempts = 27000
 tracks = 175 at attempts = 28000
 tracks = 175 at attempts = 29000
 tracks = 175 at attempts = 30000
 tracks = 175 at attempts = 31000
 tracks = 175 at attempts = 32000
 tracks = 175 at attempts = 33000
 tracks = 175 at attempts = 34000
 tracks = 175 at attempts = 35000
 tracks = 175 at attempts = 36000
 tracks = 175 at attempts = 37000
 tracks = 175 at attempts = 38000
 removing redundant feed-through pins
 the connectivity of all the nets is verified

 block left edge is at -399
 the longest block length is 57760
 building the steiner trees
 rebuilding the steiner tree

----start doing coarse global routing ------ 
 ITERATION  1

  longest Row is:11   Its length is:57120
 doing feed-through pins assignment
 building the net-tree now !
 set up the global routing grids
 the starting value of tracks =  191
 tracks = 180 at attempts =  1000
 tracks = 178 at attempts =  2000
 tracks = 178 at attempts =  3000
 tracks = 178 at attempts =  4000
 tracks = 178 at attempts =  5000
 tracks = 177 at attempts =  6000
 tracks = 177 at attempts =  7000
 tracks = 176 at attempts =  8000
 tracks = 175 at attempts =  9000
 tracks = 175 at attempts = 10000
 tracks = 175 at attempts = 11000
 tracks = 175 at attempts = 12000
 tracks = 175 at attempts = 13000
 tracks = 175 at attempts = 14000
 tracks = 175 at attempts = 15000
 tracks = 175 at attempts = 16000
 tracks = 175 at attempts = 17000
 tracks = 175 at attempts = 18000
 tracks = 175 at attempts = 19000
 tracks = 175 at attempts = 20000
 tracks = 175 at attempts = 21000
 tracks = 175 at attempts = 22000
 tracks = 175 at attempts = 23000
 tracks = 175 at attempts = 24000
 tracks = 175 at attempts = 25000
 tracks = 175 at attempts = 26000
 tracks = 175 at attempts = 27000
 tracks = 175 at attempts = 28000
 tracks = 175 at attempts = 29000
 tracks = 175 at attempts = 30000
 tracks = 175 at attempts = 31000
 tracks = 175 at attempts = 32000
 tracks = 175 at attempts = 33000
 tracks = 175 at attempts = 34000
 tracks = 175 at attempts = 35000
 tracks = 175 at attempts = 36000
 tracks = 175 at attempts = 37000
 tracks = 175 at attempts = 38000
 removing redundant feed-through pins
 the connectivity of all the nets is verified

 block left edge is at -399
 the longest block length is 57760
 building the steiner trees
 rebuilding the steiner tree

----start doing coarse global routing ------ 
 ITERATION  1

  longest Row is:11   Its length is:57120
 doing feed-through pins assignment
 building the net-tree now !
 set up the global routing grids
 the starting value of tracks =  194
 tracks = 183 at attempts =  1000
 tracks = 176 at attempts =  2000
 tracks = 174 at attempts =  3000
 tracks = 174 at attempts =  4000
 tracks = 174 at attempts =  5000
 tracks = 174 at attempts =  6000
 tracks = 174 at attempts =  7000
 tracks = 174 at attempts =  8000
 tracks = 174 at attempts =  9000
 tracks = 174 at attempts = 10000
 tracks = 174 at attempts = 11000
 tracks = 174 at attempts = 12000
 tracks = 173 at attempts = 13000
 tracks = 173 at attempts = 14000
 tracks = 173 at attempts = 15000
 tracks = 173 at attempts = 16000
 tracks = 173 at attempts = 17000
 tracks = 172 at attempts = 18000
 tracks = 172 at attempts = 19000
 tracks = 172 at attempts = 20000
 tracks = 172 at attempts = 21000
 tracks = 172 at attempts = 22000
 tracks = 172 at attempts = 23000
 tracks = 172 at attempts = 24000
 tracks = 172 at attempts = 25000
 tracks = 172 at attempts = 26000
 tracks = 172 at attempts = 27000
 tracks = 172 at attempts = 28000
 tracks = 172 at attempts = 29000
 tracks = 172 at attempts = 30000
 tracks = 172 at attempts = 31000
 tracks = 172 at attempts = 32000
 tracks = 172 at attempts = 33000
 tracks = 172 at attempts = 34000
 tracks = 172 at attempts = 35000
 tracks = 172 at attempts = 36000
 tracks = 172 at attempts = 37000
 tracks = 172 at attempts = 38000
 removing redundant feed-through pins
 the connectivity of all the nets is verified

 block left edge is at -399
 the longest block length is 57760
 building the steiner trees
 rebuilding the steiner tree

----start doing coarse global routing ------ 
 ITERATION  1

  longest Row is:11   Its length is:57120
 doing feed-through pins assignment
 building the net-tree now !
 set up the global routing grids
 the starting value of tracks =  209
 tracks = 208 at attempts =  1000
 tracks = 208 at attempts =  2000
 tracks = 208 at attempts =  3000
 tracks = 208 at attempts =  4000
 tracks = 208 at attempts =  5000
 tracks = 208 at attempts =  6000
 tracks = 208 at attempts =  7000
 tracks = 208 at attempts =  8000
 tracks = 208 at attempts =  9000
 tracks = 208 at attempts = 10000
 tracks = 208 at attempts = 11000
 tracks = 208 at attempts = 12000
 tracks = 208 at attempts = 13000
 tracks = 208 at attempts = 14000
 tracks = 208 at attempts = 15000
 tracks = 208 at attempts = 16000
 tracks = 208 at attempts = 17000
 tracks = 208 at attempts = 18000
 tracks = 208 at attempts = 19000
 tracks = 208 at attempts = 20000
 tracks = 208 at attempts = 21000
 tracks = 208 at attempts = 22000
 tracks = 208 at attempts = 23000
 tracks = 208 at attempts = 24000
 tracks = 208 at attempts = 25000
 tracks = 208 at attempts = 26000
 tracks = 208 at attempts = 27000
 tracks = 208 at attempts = 28000
 tracks = 208 at attempts = 29000
 tracks = 208 at attempts = 30000
 tracks = 208 at attempts = 31000
 tracks = 208 at attempts = 32000
 tracks = 208 at attempts = 33000
 tracks = 208 at attempts = 34000
 tracks = 208 at attempts = 35000
 tracks = 208 at attempts = 36000
 tracks = 208 at attempts = 37000
 tracks = 208 at attempts = 38000
 removing redundant feed-through pins
 the connectivity of all the nets is verified

 block left edge is at -399
 the longest block length is 57760
 building the steiner trees
 rebuilding the steiner tree

----start doing coarse global routing ------ 
 ITERATION  1

  longest Row is:11   Its length is:57120
 doing feed-through pins assignment
 building the net-tree now !
 set up the global routing grids
 the starting value of tracks =  192
 tracks = 183 at attempts =  1000
 tracks = 180 at attempts =  2000
 tracks = 179 at attempts =  3000
 tracks = 179 at attempts =  4000
 tracks = 178 at attempts =  5000
 tracks = 178 at attempts =  6000
 tracks = 178 at attempts =  7000
 tracks = 178 at attempts =  8000
 tracks = 178 at attempts =  9000
 tracks = 178 at attempts = 10000
 tracks = 177 at attempts = 11000
 tracks = 177 at attempts = 12000
 tracks = 176 at attempts = 13000
 tracks = 176 at attempts = 14000
 tracks = 176 at attempts = 15000
 tracks = 176 at attempts = 16000
 tracks = 176 at attempts = 17000
 tracks = 176 at attempts = 18000
 tracks = 176 at attempts = 19000
 tracks = 176 at attempts = 20000
 tracks = 176 at attempts = 21000
 tracks = 176 at attempts = 22000
 tracks = 176 at attempts = 23000
 tracks = 176 at attempts = 24000
 tracks = 176 at attempts = 25000
 tracks = 176 at attempts = 26000
 tracks = 176 at attempts = 27000
 tracks = 176 at attempts = 28000
 tracks = 176 at attempts = 29000
 tracks = 176 at attempts = 30000
 tracks = 176 at attempts = 31000
 tracks = 176 at attempts = 32000
 tracks = 176 at attempts = 33000
 tracks = 176 at attempts = 34000
 tracks = 176 at attempts = 35000
 tracks = 176 at attempts = 36000
 tracks = 176 at attempts = 37000
 tracks = 176 at attempts = 38000
 removing redundant feed-through pins
 the connectivity of all the nets is verified

 block left edge is at -399
 the longest block length is 57760
 building the steiner trees
 rebuilding the steiner tree

----start doing coarse global routing ------ 
 ITERATION  1

  longest Row is:11   Its length is:57120
 doing feed-through pins assignment
 building the net-tree now !
 set up the global routing grids
 the starting value of tracks =  192
 tracks = 182 at attempts =  1000
 tracks = 178 at attempts =  2000
 tracks = 174 at attempts =  3000
 tracks = 173 at attempts =  4000
 tracks = 173 at attempts =  5000
 tracks = 172 at attempts =  6000
 tracks = 172 at attempts =  7000
 tracks = 172 at attempts =  8000
 tracks = 172 at attempts =  9000
 tracks = 172 at attempts = 10000
 tracks = 171 at attempts = 11000
 tracks = 171 at attempts = 12000
 tracks = 171 at attempts = 13000
 tracks = 171 at attempts = 14000
 tracks = 171 at attempts = 15000
 tracks = 171 at attempts = 16000
 tracks = 171 at attempts = 17000
 tracks = 171 at attempts = 18000
 tracks = 171 at attempts = 19000
 tracks = 171 at attempts = 20000
 tracks = 171 at attempts = 21000
 tracks = 171 at attempts = 22000
 tracks = 171 at attempts = 23000
 tracks = 171 at attempts = 24000
 tracks = 171 at attempts = 25000
 tracks = 171 at attempts = 26000
 tracks = 171 at attempts = 27000
 tracks = 171 at attempts = 28000
 tracks = 171 at attempts = 29000
 tracks = 171 at attempts = 30000
 tracks = 171 at attempts = 31000
 tracks = 171 at attempts = 32000
 tracks = 171 at attempts = 33000
 tracks = 171 at attempts = 34000
 tracks = 171 at attempts = 35000
 tracks = 171 at attempts = 36000
 tracks = 171 at attempts = 37000
 tracks = 171 at attempts = 38000
 removing redundant feed-through pins
 the connectivity of all the nets is verified

 block left edge is at -399
 the longest block length is 57760
 building the steiner trees
 rebuilding the steiner tree

----start doing coarse global routing ------ 
 ITERATION  1

  longest Row is:11   Its length is:57120
 doing feed-through pins assignment
 building the net-tree now !
 set up the global routing grids
 the starting value of tracks =  194
 tracks = 182 at attempts =  1000
 tracks = 180 at attempts =  2000
 tracks = 179 at attempts =  3000
 tracks = 177 at attempts =  4000
 tracks = 177 at attempts =  5000
 tracks = 175 at attempts =  6000
 tracks = 174 at attempts =  7000
 tracks = 174 at attempts =  8000
 tracks = 174 at attempts =  9000
 tracks = 174 at attempts = 10000
 tracks = 174 at attempts = 11000
 tracks = 174 at attempts = 12000
 tracks = 174 at attempts = 13000
 tracks = 174 at attempts = 14000
 tracks = 174 at attempts = 15000
 tracks = 174 at attempts = 16000
 tracks = 174 at attempts = 17000
 tracks = 174 at attempts = 18000
 tracks = 174 at attempts = 19000
 tracks = 174 at attempts = 20000
 tracks = 174 at attempts = 21000
 tracks = 174 at attempts = 22000
 tracks = 174 at attempts = 23000
 tracks = 174 at attempts = 24000
 tracks = 174 at attempts = 25000
 tracks = 174 at attempts = 26000
 tracks = 174 at attempts = 27000
 tracks = 174 at attempts = 28000
 tracks = 174 at attempts = 29000
 tracks = 174 at attempts = 30000
 tracks = 174 at attempts = 31000
 tracks = 174 at attempts = 32000
 tracks = 174 at attempts = 33000
 tracks = 174 at attempts = 34000
 tracks = 174 at attempts = 35000
 tracks = 174 at attempts = 36000
 tracks = 174 at attempts = 37000
 tracks = 174 at attempts = 38000
 removing redundant feed-through pins
 the connectivity of all the nets is verified

 block left edge is at -399
 the longest block length is 57760
 building the steiner trees
 rebuilding the steiner tree

----start doing coarse global routing ------ 
 ITERATION  1

  longest Row is:11   Its length is:57120
 doing feed-through pins assignment
 building the net-tree now !
 set up the global routing grids
 the starting value of tracks =  212
 tracks = 212 at attempts =  1000
 tracks = 211 at attempts =  2000
 tracks = 211 at attempts =  3000
 tracks = 211 at attempts =  4000
 tracks = 211 at attempts =  5000
 tracks = 211 at attempts =  6000
 tracks = 211 at attempts =  7000
 tracks = 211 at attempts =  8000
 tracks = 211 at attempts =  9000
 tracks = 211 at attempts = 10000
 tracks = 211 at attempts = 11000
 tracks = 211 at attempts = 12000
 tracks = 211 at attempts = 13000
 tracks = 211 at attempts = 14000
 tracks = 211 at attempts = 15000
 tracks = 211 at attempts = 16000
 tracks = 211 at attempts = 17000
 tracks = 211 at attempts = 18000
 tracks = 211 at attempts = 19000
 tracks = 211 at attempts = 20000
 tracks = 211 at attempts = 21000
 tracks = 211 at attempts = 22000
 tracks = 211 at attempts = 23000
 tracks = 211 at attempts = 24000
 tracks = 211 at attempts = 25000
 tracks = 211 at attempts = 26000
 tracks = 211 at attempts = 27000
 tracks = 211 at attempts = 28000
 tracks = 211 at attempts = 29000
 tracks = 211 at attempts = 30000
 tracks = 211 at attempts = 31000
 tracks = 211 at attempts = 32000
 tracks = 211 at attempts = 33000
 tracks = 211 at attempts = 34000
 tracks = 211 at attempts = 35000
 tracks = 211 at attempts = 36000
 tracks = 211 at attempts = 37000
 tracks = 211 at attempts = 38000
 removing redundant feed-through pins
 the connectivity of all the nets is verified


***********************************************
*ACTUAL* FINAL NUMBER OF ROUTING TRACKS: 171
***********************************************


TimberWolfSC terminated normally with no errors and 0 warning[s]


twflow terminated normally with no errors and 0 warning[s]

Running getfillcell to determine cell to use for fill.
getfillcell.tcl sincos  /usr/local/share/qflow/tech/osu035/osu035_stdcells.lef FILL
Using cell FILL for fill
Running place2def to translate graywolf output to DEF format.
place2def.tcl sincos FILL 
Running place2def.tcl
DEF database: 100 units per micron
Limits: xbot = -399 ybot = -200 xtop = 57070.0 ytop = 42130.0
Core values: 80.0 100 57200.0 42100
Offsets: 80.0 100
4 routing layers
metal1: 213 vertical tracks from 0um with 2um pitch
metal2: 361 vertical tracks from 0.0um with 1.6um pitch
metal3: 213 vertical tracks from 0um with 2um pitch
metal4: 181 vertical tracks from 0.0um with 3.2um pitch
Summary: Total components = 1522
  Fill cells  = 0
  Other cells = 1522
Done with place2def.tcl
Running addspacers to generate power stripes and align cell right edge
addspacers.tcl  -stripe 5.0 150.0 PG sincos  /usr/local/share/qflow/tech/osu035/osu035_stdcells.lef FILL
Reading FILL macros from LEF file.
Reading DEF file sincos.def. . .
Number of rows is 21
Longest row has width 572.0 um
addspacers:  Inserting 3 stripes of width 4.8 um (5.0 um requested)
  Pitch 148.8 um, offset 136.0 um
stretch:  Number of components is 1750
Analysis of DEF file:
Number of components = 1522
New number of components = 1750
Number of rows = 21
Adjusting obstructions for power striping
Done with addspacers.tcl
Running arrangepins to adjust pin positions for optimal routing.
arrangepins.tcl  sincos
Reading info file sincos.info. . .
Reading DEF file sincos.def. . .
Recalculating pin positions
Writing DEF file sincos_mod.def. . .
Done with arrangepins.tcl
blifanno.tcl /home/tombert/qflow_projects/sin_cos/synthesis/sincos.blif sincos.def /home/tombert/qflow_projects/sin_cos/synthesis/sincos_anno.blif
Running blifanno.tcl
Reading DEF file sincos.def. . .
Done with blifanno.tcl

Generating RTL verilog and SPICE netlist file in directory
   /home/tombert/qflow_projects/sin_cos/synthesis
Files:
   Verilog: /home/tombert/qflow_projects/sin_cos/synthesis/sincos.rtl.v
   Verilog: /home/tombert/qflow_projects/sin_cos/synthesis/sincos.rtlnopwr.v
   Verilog: /home/tombert/qflow_projects/sin_cos/synthesis/sincos.rtlbb.v
   Spice:   /home/tombert/qflow_projects/sin_cos/synthesis/sincos.spc

Running blif2Verilog.
Running blif2BSpice.
Placement script ended on Thu Apr 10 02:04:52 IST 2025
