Qflow placement logfile created on Mon Feb 24 13:02:29 IST 2025
Running blif2cel to generate input files for graywolf
blif2cel.tcl --blif /home/tombert/qflow_projects/sin_cos/synthesis/cordic.blif  --lef  /usr/local/share/qflow/tech/osu035/osu035_stdcells.lef --cel /home/tombert/qflow_projects/sin_cos/layout/cordic.cel 
Opened BLIF file (/home/tombert/qflow_projects/sin_cos/synthesis/cordic.blif) for reading ...
Opened CEL file (/home/tombert/qflow_projects/sin_cos/layout/cordic.cel) for writing...
Loaded /usr/local/share/qflow/tech/osu035/osu035_stdcells.lef file for reading...
1st pass of blif file /home/tombert/qflow_projects/sin_cos/synthesis/cordic.blif. . .
Reading macros and/or technology data from LEF file. . .
LEF file specifies route layer Y pitch as 2
LEF file specifies route layer X pitch as 1.6
Parsing macro AND2X2
Parsing macro AOI21X1
Parsing macro BUFX2
Parsing macro BUFX4
Parsing macro NOR3X1
Parsing macro INVX1
Parsing macro INVX8
Parsing macro NAND2X1
Parsing macro NAND3X1
Parsing macro NOR2X1
Parsing macro OAI21X1
Parsing macro XOR2X1
Parsing macro XNOR2X1
Parsing macro DFFSR
Parsing macro CLKBUF1
2nd pass of blif file. . .
3rd pass of blif file. . .
Done!
No cordic.cel1 file found for project. . . no partial blockages to apply to layout.
No cordic.cel2 file found for project. . . continuing without pin placement hints
Running GrayWolf placement
graywolf  cordic

twflow version:2.1 date:Mon May 25 21:15:08 EDT 1992
Authors: Bill Swartz, Carl Sechen
         Yale University

syntax version:v1.1 date:Mon May 25 21:11:10 EDT 1992
TimberWolf System Syntax Checker
Authors: Carl Sechen, Kai-Win Lee, Bill Swartz,
         Dahe Chen, and Jimmy Lam
         Yale University

Read   50 objects so far...
Read  100 objects so far...
Read  150 objects so far...
Read  200 objects so far...
No syntax errors were found

syntax terminated normally with no errors and 0 warning[s]


----------------------------
Total stdcells     :177
Total cell width   :2.07e+05
Total cell height  :3.54e+05
Total cell area    :4.14e+08
Total core area    :4.14e+08
Average cell height:2.00e+03


nocut - replacement for Mincut version:v1.0 date:Mon May 25 21:09:40 EDT 1992
TimberWolf System Floorplan Setup Program
Authors: Carl Sechen, Bill Swartz,
         Yale University

Read   50 objects so far...
Read  100 objects so far...
Read  150 objects so far...
Read  200 objects so far...
Splitting cordic.cel into cordic.scel and cordic.mcel...
	done!


nocut - replacement for Mincut terminated normally with no errors and 0 warning[s]


TimberWolfMC version:v2.2 date:Mon May 25 21:18:34 EDT 1992
Authors: Carl Sechen, Bill Swartz, Kai-Win Lee
         Dahe Chen, and Jimmy Lam
         Yale University

config version:v1.0 date:Mon May 25 20:57:18 EDT 1992
Row configuration program
    Yale University


config switches:
	Graphics mode on
	config will inherit window



config terminated normally with no errors and 0 warning[s]


TimberWolfMC terminated normally with no errors and 0 warning[s]



TimberWolfSC switches:
	Graphics mode on
	TimberWolfSC will inherit window

TimberWolfSC version:v6.0 date:Mon May 25 21:19:07 EDT 1992
Row-Based Placement and Global Routing Program
Authors: Carl Sechen, Kai-Win Lee, and Bill Swartz,
         Yale University
  0 
  1   2   3   4   5   6   7   8   9  10  11  12  13  14  15 
 16  17  18  19  20  21  22  23  24  25  26  27  28  29  30 
 31  32  33  34  35  36  37  38  39  40  41  42  43  44  45 
 46  47  48  49  50  51  52  53  54  55  56  57  58  59  60 
 61  62  63  64  65  66  67  68  69  70  71  72  73  74  75 
 76  77  78  79  80  81  82  83  84  85  86  87  88  89  90 
 91  92  93  94  95  96  97  98  99 100 101 102 103 104 105 
106 107 108 109 110 111 112 113 114 115 116 117 118 119 120 
121 122 123 124 125 126 127 128 129 130 131 132 133 134 135 
136 137 138 139 140 141 142 143 144 145 146 147 148 149 150 
151 152 153 154 155 156 157 158 
 block left edge is at -399
 the longest block length is 21120
 building the steiner trees
 rebuilding the steiner tree

----start doing coarse global routing ------ 
 ITERATION  1

  longest Row is:3   Its length is:20960
 doing feed-through pins assignment
 building the net-tree now !
 set up the global routing grids
 the starting value of tracks =   46
 tracks =  43 at attempts =  1000
 tracks =  43 at attempts =  2000
 tracks =  43 at attempts =  3000
 tracks =  43 at attempts =  4000
 removing redundant feed-through pins
 the connectivity of all the nets is verified

 block left edge is at -399
 the longest block length is 21120
 building the steiner trees
 rebuilding the steiner tree

----start doing coarse global routing ------ 
 ITERATION  1

  longest Row is:3   Its length is:20960
 doing feed-through pins assignment
 building the net-tree now !
 set up the global routing grids
 the starting value of tracks =   47
 tracks =  42 at attempts =  1000
 tracks =  42 at attempts =  2000
 tracks =  42 at attempts =  3000
 tracks =  42 at attempts =  4000
 removing redundant feed-through pins
 the connectivity of all the nets is verified

 block left edge is at -399
 the longest block length is 21120
 building the steiner trees
 rebuilding the steiner tree

----start doing coarse global routing ------ 
 ITERATION  1

  longest Row is:3   Its length is:20960
 doing feed-through pins assignment
 building the net-tree now !
 set up the global routing grids
 the starting value of tracks =   49
 tracks =  43 at attempts =  1000
 tracks =  43 at attempts =  2000
 tracks =  43 at attempts =  3000
 tracks =  43 at attempts =  4000
 removing redundant feed-through pins
 the connectivity of all the nets is verified

 block left edge is at -399
 the longest block length is 21120
 building the steiner trees
 rebuilding the steiner tree

----start doing coarse global routing ------ 
 ITERATION  1

  longest Row is:3   Its length is:20960
 doing feed-through pins assignment
 building the net-tree now !
 set up the global routing grids
 the starting value of tracks =   57
 tracks =  56 at attempts =  1000
 tracks =  56 at attempts =  2000
 tracks =  56 at attempts =  3000
 tracks =  56 at attempts =  4000
 removing redundant feed-through pins
 the connectivity of all the nets is verified

 block left edge is at -399
 the longest block length is 21120
 building the steiner trees
 rebuilding the steiner tree

----start doing coarse global routing ------ 
 ITERATION  1

  longest Row is:3   Its length is:20960
 doing feed-through pins assignment
 building the net-tree now !
 set up the global routing grids
 the starting value of tracks =   48
 tracks =  44 at attempts =  1000
 tracks =  44 at attempts =  2000
 tracks =  44 at attempts =  3000
 tracks =  44 at attempts =  4000
 removing redundant feed-through pins
 the connectivity of all the nets is verified

 block left edge is at -399
 the longest block length is 21120
 building the steiner trees
 rebuilding the steiner tree

----start doing coarse global routing ------ 
 ITERATION  1

  longest Row is:3   Its length is:20960
 doing feed-through pins assignment
 building the net-tree now !
 set up the global routing grids
 the starting value of tracks =   48
 tracks =  42 at attempts =  1000
 tracks =  41 at attempts =  2000
 tracks =  41 at attempts =  3000
 tracks =  41 at attempts =  4000
 removing redundant feed-through pins
 the connectivity of all the nets is verified

 block left edge is at -399
 the longest block length is 21120
 building the steiner trees
 rebuilding the steiner tree

----start doing coarse global routing ------ 
 ITERATION  1

  longest Row is:3   Its length is:20960
 doing feed-through pins assignment
 building the net-tree now !
 set up the global routing grids
 the starting value of tracks =   53
 tracks =  44 at attempts =  1000
 tracks =  44 at attempts =  2000
 tracks =  44 at attempts =  3000
 tracks =  44 at attempts =  4000
 removing redundant feed-through pins
 the connectivity of all the nets is verified

 block left edge is at -399
 the longest block length is 21120
 building the steiner trees
 rebuilding the steiner tree

----start doing coarse global routing ------ 
 ITERATION  1

  longest Row is:3   Its length is:20960
 doing feed-through pins assignment
 building the net-tree now !
 set up the global routing grids
 the starting value of tracks =   56
 tracks =  56 at attempts =  1000
 tracks =  56 at attempts =  2000
 tracks =  56 at attempts =  3000
 tracks =  56 at attempts =  4000
 removing redundant feed-through pins
 the connectivity of all the nets is verified


***********************************************
*ACTUAL* FINAL NUMBER OF ROUTING TRACKS: 41
***********************************************


TimberWolfSC terminated normally with no errors and 0 warning[s]


twflow terminated normally with no errors and 0 warning[s]

Running getfillcell to determine cell to use for fill.
getfillcell.tcl cordic  /usr/local/share/qflow/tech/osu035/osu035_stdcells.lef FILL
Using cell FILL for fill
Running place2def to translate graywolf output to DEF format.
place2def.tcl cordic FILL 
Running place2def.tcl
DEF database: 100 units per micron
Limits: xbot = -750.0 ybot = -530.0 xtop = 20910.0 ytop = 20130.0
Core values: 80.0 100 21040.0 20100
Offsets: 80.0 100
4 routing layers
metal1: 105 vertical tracks from -4um with 2um pitch
metal2: 138 vertical tracks from -3.2um with 1.6um pitch
metal3: 105 vertical tracks from -4um with 2um pitch
metal4: 69 vertical tracks from -3.2um with 3.2um pitch
Summary: Total components = 177
  Fill cells  = 0
  Other cells = 177
Done with place2def.tcl
Running addspacers to generate power stripes and align cell right edge
addspacers.tcl  -stripe 5.0 150.0 PG cordic  /usr/local/share/qflow/tech/osu035/osu035_stdcells.lef FILL
Reading FILL macros from LEF file.
Reading DEF file cordic.def. . .
Number of rows is 10
Longest row has width 210.4 um
addspacers:  No room for stripes, pitch reduced from 14880.0 to 8800.0.
addspacers:  Inserting 2 stripes of width 4.8 um (5.0 um requested)
  Pitch 88.0 um, offset 60.8 um
stretch:  Number of components is 254
Analysis of DEF file:
Number of components = 177
New number of components = 254
Number of rows = 10
Adjusting obstructions for power striping
Done with addspacers.tcl
Running arrangepins to adjust pin positions for optimal routing.
arrangepins.tcl  cordic
Reading info file cordic.info. . .
Reading DEF file cordic.def. . .
Warning: pin theta[9] has no bounding box.
Warning: pin theta[1] has no bounding box.
Warning: pin theta[0] has no bounding box.
Warning: pin theta[10] has no bounding box.
Warning: pin theta[4] has no bounding box.
Warning: pin theta[3] has no bounding box.
Warning: pin theta[12] has no bounding box.
Warning: pin theta[2] has no bounding box.
Warning: pin theta[15] has no bounding box.
Warning: pin theta[5] has no bounding box.
Warning: pin theta[14] has no bounding box.
Warning: pin theta[13] has no bounding box.
Warning: pin theta[6] has no bounding box.
Warning: pin theta[7] has no bounding box.
Warning: pin theta[8] has no bounding box.
Warning: pin theta[11] has no bounding box.
Recalculating pin positions
Writing DEF file cordic_mod.def. . .
Done with arrangepins.tcl
blifanno.tcl /home/tombert/qflow_projects/sin_cos/synthesis/cordic.blif cordic.def /home/tombert/qflow_projects/sin_cos/synthesis/cordic_anno.blif
Running blifanno.tcl
Reading DEF file cordic.def. . .
Done with blifanno.tcl

Generating RTL verilog and SPICE netlist file in directory
   /home/tombert/qflow_projects/sin_cos/synthesis
Files:
   Verilog: /home/tombert/qflow_projects/sin_cos/synthesis/cordic.rtl.v
   Verilog: /home/tombert/qflow_projects/sin_cos/synthesis/cordic.rtlnopwr.v
   Verilog: /home/tombert/qflow_projects/sin_cos/synthesis/cordic.rtlbb.v
   Spice:   /home/tombert/qflow_projects/sin_cos/synthesis/cordic.spc

Running blif2Verilog.
Running blif2BSpice.
Placement script ended on Mon Feb 24 13:02:39 IST 2025
